#! /usr/bin/vvp
:ivl_version "12.0 (stable)";
:ivl_delay_selection "TYPICAL";
:vpi_time_precision + 0;
:vpi_module "/usr/lib/x86_64-linux-gnu/ivl/system.vpi";
:vpi_module "/usr/lib/x86_64-linux-gnu/ivl/vhdl_sys.vpi";
:vpi_module "/usr/lib/x86_64-linux-gnu/ivl/vhdl_textio.vpi";
:vpi_module "/usr/lib/x86_64-linux-gnu/ivl/v2005_math.vpi";
:vpi_module "/usr/lib/x86_64-linux-gnu/ivl/va_math.vpi";
:vpi_module "/usr/lib/x86_64-linux-gnu/ivl/v2009.vpi";
S_0x5d7c94985880 .scope package, "$unit" "$unit" 2 1;
 .timescale 0 0;
S_0x5d7c949959f0 .scope module, "axi_level_shifter" "axi_level_shifter" 3 3;
 .timescale 0 0;
    .port_info 0 /INPUT 1 "in_data";
    .port_info 1 /OUTPUT 1 "out_data";
P_0x5d7c9498daf0 .param/l "WIDTH" 0 3 4, +C4<00000000000000000000000000000001>;
o0x7642c8772018 .functor BUFZ 1, C4<z>; HiZ drive
L_0x5d7c94a05670 .functor BUFZ 1, o0x7642c8772018, C4<0>, C4<0>, C4<0>;
v0x5d7c9497d470_0 .net "in_data", 0 0, o0x7642c8772018;  0 drivers
v0x5d7c9497d510_0 .net "out_data", 0 0, L_0x5d7c94a05670;  1 drivers
S_0x5d7c949910d0 .scope module, "gray2bin" "gray2bin" 4 12;
 .timescale 0 0;
    .port_info 0 /INPUT 4 "gray";
    .port_info 1 /OUTPUT 4 "bin";
P_0x5d7c94988590 .param/l "WIDTH" 0 4 13, +C4<00000000000000000000000000000100>;
v0x5d7c949d5120_0 .net "bin", 3 0, L_0x5d7c94a05ec0;  1 drivers
o0x7642c8772378 .functor BUFZ 4, C4<zzzz>; HiZ drive
v0x5d7c949d5220_0 .net "gray", 3 0, o0x7642c8772378;  0 drivers
L_0x5d7c94a05840 .part o0x7642c8772378, 1, 3;
L_0x5d7c94a05bc0 .part o0x7642c8772378, 2, 2;
L_0x5d7c94a05ec0 .concat8 [ 1 1 1 1], L_0x5d7c94a05740, L_0x5d7c94a05ad0, L_0x5d7c94a05dd0, L_0x5d7c94a06270;
L_0x5d7c94a06050 .part o0x7642c8772378, 3, 1;
S_0x5d7c949ae360 .scope generate, "gen_g2b[0]" "gen_g2b[0]" 4 20, 4 20 0, S_0x5d7c949910d0;
 .timescale 0 0;
P_0x5d7c949d4510 .param/l "i" 1 4 20, +C4<00>;
v0x5d7c949a5f90_0 .net *"_ivl_1", 0 0, L_0x5d7c94a05740;  1 drivers
L_0x5d7c94a05740 .reduce/xor o0x7642c8772378;
S_0x5d7c949a9a40 .scope generate, "gen_g2b[1]" "gen_g2b[1]" 4 20, 4 20 0, S_0x5d7c949910d0;
 .timescale 0 0;
P_0x5d7c949d46a0 .param/l "i" 1 4 20, +C4<01>;
v0x5d7c949a6030_0 .net *"_ivl_0", 3 0, L_0x5d7c94a05960;  1 drivers
v0x5d7c949a6710_0 .net *"_ivl_1", 2 0, L_0x5d7c94a05840;  1 drivers
L_0x7642c8729018 .functor BUFT 1, C4<0>, C4<0>, C4<0>, C4<0>;
v0x5d7c949a67b0_0 .net *"_ivl_3", 0 0, L_0x7642c8729018;  1 drivers
v0x5d7c949091a0_0 .net *"_ivl_6", 0 0, L_0x5d7c94a05ad0;  1 drivers
L_0x5d7c94a05960 .concat [ 3 1 0 0], L_0x5d7c94a05840, L_0x7642c8729018;
L_0x5d7c94a05ad0 .reduce/xor L_0x5d7c94a05960;
S_0x5d7c94988130 .scope generate, "gen_g2b[2]" "gen_g2b[2]" 4 20, 4 20 0, S_0x5d7c949910d0;
 .timescale 0 0;
P_0x5d7c949d4890 .param/l "i" 1 4 20, +C4<010>;
v0x5d7c949d4950_0 .net *"_ivl_0", 3 0, L_0x5d7c94a05c60;  1 drivers
v0x5d7c949d4a30_0 .net *"_ivl_1", 1 0, L_0x5d7c94a05bc0;  1 drivers
L_0x7642c8729060 .functor BUFT 1, C4<00>, C4<0>, C4<0>, C4<0>;
v0x5d7c949d4b10_0 .net *"_ivl_3", 1 0, L_0x7642c8729060;  1 drivers
v0x5d7c949d4bd0_0 .net *"_ivl_6", 0 0, L_0x5d7c94a05dd0;  1 drivers
L_0x5d7c94a05c60 .concat [ 2 2 0 0], L_0x5d7c94a05bc0, L_0x7642c8729060;
L_0x5d7c94a05dd0 .reduce/xor L_0x5d7c94a05c60;
S_0x5d7c9498a1a0 .scope generate, "gen_g2b[3]" "gen_g2b[3]" 4 20, 4 20 0, S_0x5d7c949910d0;
 .timescale 0 0;
P_0x5d7c949d4d00 .param/l "i" 1 4 20, +C4<011>;
v0x5d7c949d4de0_0 .net *"_ivl_0", 3 0, L_0x5d7c94a06150;  1 drivers
v0x5d7c949d4ec0_0 .net *"_ivl_1", 0 0, L_0x5d7c94a06050;  1 drivers
L_0x7642c87290a8 .functor BUFT 1, C4<000>, C4<0>, C4<0>, C4<0>;
v0x5d7c949d4fa0_0 .net *"_ivl_3", 2 0, L_0x7642c87290a8;  1 drivers
v0x5d7c949d5060_0 .net *"_ivl_6", 0 0, L_0x5d7c94a06270;  1 drivers
L_0x5d7c94a06150 .concat [ 1 3 0 0], L_0x5d7c94a06050, L_0x7642c87290a8;
L_0x5d7c94a06270 .reduce/xor L_0x5d7c94a06150;
S_0x5d7c949ac2f0 .scope module, "tb_axi_cdc_bridge" "tb_axi_cdc_bridge" 5 7;
 .timescale 0 0;
P_0x5d7c949a3980 .param/l "ADDR_WIDTH" 1 5 11, +C4<00000000000000000000000000100000>;
P_0x5d7c949a39c0 .param/l "DATA_WIDTH" 1 5 10, +C4<00000000000000000000000000100000>;
P_0x5d7c949a3a00 .param/l "FIFO_DEPTH" 1 5 12, +C4<00000000000000000000000000000100>;
v0x5d7c94a03350_0 .var "clk_m", 0 0;
v0x5d7c94a03410_0 .var/2s "clk_m_period", 31 0;
v0x5d7c94a034f0_0 .var "clk_s", 0 0;
v0x5d7c94a035c0_0 .var/2s "clk_s_period", 31 0;
v0x5d7c94a03680_0 .net "m_axi_araddr", 31 0, L_0x5d7c94a0b660;  1 drivers
v0x5d7c94a03790_0 .net "m_axi_arprot", 2 0, L_0x5d7c94a0b520;  1 drivers
v0x5d7c94a03860_0 .var "m_axi_arready", 0 0;
v0x5d7c94a03930_0 .net "m_axi_arvalid", 0 0, L_0x5d7c94a0ba30;  1 drivers
v0x5d7c94a03a00_0 .net "m_axi_awaddr", 31 0, L_0x5d7c94a06630;  1 drivers
v0x5d7c94a03ad0_0 .net "m_axi_awprot", 2 0, L_0x5d7c94a06540;  1 drivers
v0x5d7c94a03ba0_0 .var "m_axi_awready", 0 0;
v0x5d7c94a03c70_0 .net "m_axi_awvalid", 0 0, L_0x5d7c94a06940;  1 drivers
v0x5d7c94a03d40_0 .net "m_axi_bready", 0 0, L_0x5d7c94a09d00;  1 drivers
v0x5d7c94a03e10_0 .var "m_axi_bresp", 1 0;
v0x5d7c94a03eb0_0 .var "m_axi_bvalid", 0 0;
v0x5d7c94a03f50_0 .var "m_axi_rdata", 31 0;
v0x5d7c94a04020_0 .net "m_axi_rready", 0 0, L_0x5d7c94a0d8c0;  1 drivers
v0x5d7c94a040f0_0 .var "m_axi_rresp", 1 0;
v0x5d7c94a041c0_0 .var "m_axi_rvalid", 0 0;
v0x5d7c94a04290_0 .net "m_axi_wdata", 31 0, L_0x5d7c94a081a0;  1 drivers
v0x5d7c94a04360_0 .var "m_axi_wready", 0 0;
v0x5d7c94a04430_0 .net "m_axi_wstrb", 3 0, L_0x5d7c94a080b0;  1 drivers
v0x5d7c94a04500_0 .net "m_axi_wvalid", 0 0, L_0x5d7c94a08540;  1 drivers
v0x5d7c94a045d0 .array "mem", 255 0, 31 0;
v0x5d7c94a04670_0 .var "rst_n", 0 0;
v0x5d7c94a04710_0 .var "s_axi_araddr", 31 0;
v0x5d7c94a047e0_0 .var "s_axi_arprot", 2 0;
v0x5d7c94a048b0_0 .net "s_axi_arready", 0 0, L_0x5d7c94a0b860;  1 drivers
v0x5d7c94a04980_0 .var "s_axi_arvalid", 0 0;
v0x5d7c94a04a50_0 .var "s_axi_awaddr", 31 0;
v0x5d7c94a04b20_0 .var "s_axi_awprot", 2 0;
v0x5d7c94a04bf0_0 .net "s_axi_awready", 0 0, L_0x5d7c94a06830;  1 drivers
v0x5d7c94a04cc0_0 .var "s_axi_awvalid", 0 0;
v0x5d7c94a04d90_0 .var "s_axi_bready", 0 0;
v0x5d7c94a04e60_0 .net "s_axi_bresp", 1 0, L_0x5d7c94a0a1c0;  1 drivers
v0x5d7c94a04f50_0 .net "s_axi_bvalid", 0 0, L_0x5d7c94a099b0;  1 drivers
v0x5d7c94a04ff0_0 .net "s_axi_rdata", 31 0, L_0x5d7c94a0d450;  1 drivers
v0x5d7c94a050c0_0 .var "s_axi_rready", 0 0;
v0x5d7c94a05190_0 .net "s_axi_rresp", 1 0, L_0x5d7c94a0d3b0;  1 drivers
v0x5d7c94a05260_0 .net "s_axi_rvalid", 0 0, L_0x5d7c94a0d7b0;  1 drivers
v0x5d7c94a05330_0 .var "s_axi_wdata", 31 0;
v0x5d7c94a05400_0 .net "s_axi_wready", 0 0, L_0x5d7c94a08430;  1 drivers
v0x5d7c94a054d0_0 .var "s_axi_wstrb", 3 0;
v0x5d7c94a055a0_0 .var "s_axi_wvalid", 0 0;
E_0x5d7c948eb9c0 .event posedge, v0x5d7c949e90e0_0;
E_0x5d7c948eba40 .event anyedge, v0x5d7c94a001b0_0;
E_0x5d7c949c2db0 .event anyedge, v0x5d7c949ffe80_0;
S_0x5d7c949d53c0 .scope begin, "$ivl_for_loop2" "$ivl_for_loop2" 5 169, 5 169 0, S_0x5d7c949ac2f0;
 .timescale 0 0;
v0x5d7c949d55c0_0 .var/2s "i", 31 0;
S_0x5d7c949d56c0 .scope begin, "$unm_blk_19" "$unm_blk_19" 5 209, 5 209 0, S_0x5d7c949ac2f0;
 .timescale 0 0;
v0x5d7c949d5ba0_0 .var/2s "err_count", 31 0;
v0x5d7c949d5ca0_0 .var "rdata", 31 0;
v0x5d7c949d5d80_0 .var "resp", 1 0;
S_0x5d7c949d58c0 .scope begin, "$ivl_for_loop3" "$ivl_for_loop3" 5 228, 5 228 0, S_0x5d7c949d56c0;
 .timescale 0 0;
v0x5d7c949d5aa0_0 .var/2s "i", 31 0;
S_0x5d7c949d5e40 .scope module, "dut" "axi_cdc_bridge" 5 87, 6 3 0, S_0x5d7c949ac2f0;
 .timescale 0 0;
    .port_info 0 /INPUT 1 "s_aclk";
    .port_info 1 /INPUT 1 "s_aresetn";
    .port_info 2 /INPUT 32 "s_axi_awaddr";
    .port_info 3 /INPUT 3 "s_axi_awprot";
    .port_info 4 /INPUT 1 "s_axi_awvalid";
    .port_info 5 /OUTPUT 1 "s_axi_awready";
    .port_info 6 /INPUT 32 "s_axi_wdata";
    .port_info 7 /INPUT 4 "s_axi_wstrb";
    .port_info 8 /INPUT 1 "s_axi_wvalid";
    .port_info 9 /OUTPUT 1 "s_axi_wready";
    .port_info 10 /OUTPUT 2 "s_axi_bresp";
    .port_info 11 /OUTPUT 1 "s_axi_bvalid";
    .port_info 12 /INPUT 1 "s_axi_bready";
    .port_info 13 /INPUT 32 "s_axi_araddr";
    .port_info 14 /INPUT 3 "s_axi_arprot";
    .port_info 15 /INPUT 1 "s_axi_arvalid";
    .port_info 16 /OUTPUT 1 "s_axi_arready";
    .port_info 17 /OUTPUT 32 "s_axi_rdata";
    .port_info 18 /OUTPUT 2 "s_axi_rresp";
    .port_info 19 /OUTPUT 1 "s_axi_rvalid";
    .port_info 20 /INPUT 1 "s_axi_rready";
    .port_info 21 /INPUT 1 "m_aclk";
    .port_info 22 /INPUT 1 "m_aresetn";
    .port_info 23 /OUTPUT 32 "m_axi_awaddr";
    .port_info 24 /OUTPUT 3 "m_axi_awprot";
    .port_info 25 /OUTPUT 1 "m_axi_awvalid";
    .port_info 26 /INPUT 1 "m_axi_awready";
    .port_info 27 /OUTPUT 32 "m_axi_wdata";
    .port_info 28 /OUTPUT 4 "m_axi_wstrb";
    .port_info 29 /OUTPUT 1 "m_axi_wvalid";
    .port_info 30 /INPUT 1 "m_axi_wready";
    .port_info 31 /INPUT 2 "m_axi_bresp";
    .port_info 32 /INPUT 1 "m_axi_bvalid";
    .port_info 33 /OUTPUT 1 "m_axi_bready";
    .port_info 34 /OUTPUT 32 "m_axi_araddr";
    .port_info 35 /OUTPUT 3 "m_axi_arprot";
    .port_info 36 /OUTPUT 1 "m_axi_arvalid";
    .port_info 37 /INPUT 1 "m_axi_arready";
    .port_info 38 /INPUT 32 "m_axi_rdata";
    .port_info 39 /INPUT 2 "m_axi_rresp";
    .port_info 40 /INPUT 1 "m_axi_rvalid";
    .port_info 41 /OUTPUT 1 "m_axi_rready";
P_0x5d7c949d6020 .param/l "ADDR_WIDTH" 0 6 5, +C4<00000000000000000000000000100000>;
P_0x5d7c949d6060 .param/l "AR_WIDTH" 1 6 133, +C4<00000000000000000000000000100011>;
P_0x5d7c949d60a0 .param/l "AW_WIDTH" 1 6 83, +C4<00000000000000000000000000100011>;
P_0x5d7c949d60e0 .param/l "B_WIDTH" 1 6 119, +C4<00000000000000000000000000000010>;
P_0x5d7c949d6120 .param/l "DATA_WIDTH" 0 6 4, +C4<00000000000000000000000000100000>;
P_0x5d7c949d6160 .param/l "FIFO_DEPTH" 0 6 6, +C4<00000000000000000000000000000100>;
P_0x5d7c949d61a0 .param/l "R_WIDTH" 1 6 151, +C4<00000000000000000000000000100010>;
P_0x5d7c949d61e0 .param/l "SYNC_STAGES" 0 6 7, +C4<00000000000000000000000000000010>;
P_0x5d7c949d6220 .param/l "W_WIDTH" 1 6 101, +C4<00000000000000000000000000100100>;
L_0x5d7c94a06770 .functor BUFZ 35, L_0x5d7c94a06d70, C4<00000000000000000000000000000000000>, C4<00000000000000000000000000000000000>, C4<00000000000000000000000000000000000>;
L_0x5d7c94a06830 .functor NOT 1, L_0x5d7c94a079e0, C4<0>, C4<0>, C4<0>;
L_0x5d7c94a06940 .functor NOT 1, L_0x5d7c94a07540, C4<0>, C4<0>, C4<0>;
L_0x5d7c94a07b60 .functor NOT 1, L_0x5d7c94a079e0, C4<0>, C4<0>, C4<0>;
L_0x5d7c94a07c60 .functor AND 1, v0x5d7c94a04cc0_0, L_0x5d7c94a07b60, C4<1>, C4<1>;
L_0x5d7c94a07d20 .functor NOT 1, L_0x5d7c94a07540, C4<0>, C4<0>, C4<0>;
L_0x5d7c94a07e60 .functor AND 1, v0x5d7c94a03ba0_0, L_0x5d7c94a07d20, C4<1>, C4<1>;
L_0x5d7c94a08320 .functor BUFZ 36, L_0x5d7c94a08980, C4<000000000000000000000000000000000000>, C4<000000000000000000000000000000000000>, C4<000000000000000000000000000000000000>;
L_0x5d7c94a08430 .functor NOT 1, L_0x5d7c94a09670, C4<0>, C4<0>, C4<0>;
L_0x5d7c94a08540 .functor NOT 1, L_0x5d7c94a091d0, C4<0>, C4<0>, C4<0>;
L_0x5d7c94a097f0 .functor NOT 1, L_0x5d7c94a09670, C4<0>, C4<0>, C4<0>;
L_0x5d7c94a098f0 .functor AND 1, v0x5d7c94a055a0_0, L_0x5d7c94a097f0, C4<1>, C4<1>;
L_0x5d7c94a09a20 .functor NOT 1, L_0x5d7c94a091d0, C4<0>, C4<0>, C4<0>;
L_0x5d7c94a09b20 .functor AND 1, v0x5d7c94a04360_0, L_0x5d7c94a09a20, C4<1>, C4<1>;
L_0x5d7c94a099b0 .functor NOT 1, L_0x5d7c94a0a9d0, C4<0>, C4<0>, C4<0>;
L_0x5d7c94a09d00 .functor NOT 1, L_0x5d7c94a0ae70, C4<0>, C4<0>, C4<0>;
L_0x5d7c94a0aff0 .functor NOT 1, L_0x5d7c94a0ae70, C4<0>, C4<0>, C4<0>;
L_0x5d7c94a0b0f0 .functor AND 1, v0x5d7c94a03eb0_0, L_0x5d7c94a0aff0, C4<1>, C4<1>;
L_0x5d7c94a0b250 .functor NOT 1, L_0x5d7c94a0a9d0, C4<0>, C4<0>, C4<0>;
L_0x5d7c94a0b2c0 .functor AND 1, v0x5d7c94a04d90_0, L_0x5d7c94a0b250, C4<1>, C4<1>;
L_0x5d7c94a0b7a0 .functor BUFZ 35, L_0x5d7c94a0be60, C4<00000000000000000000000000000000000>, C4<00000000000000000000000000000000000>, C4<00000000000000000000000000000000000>;
L_0x5d7c94a0b860 .functor NOT 1, L_0x5d7c94a0cb10, C4<0>, C4<0>, C4<0>;
L_0x5d7c94a0ba30 .functor NOT 1, L_0x5d7c94a0c670, C4<0>, C4<0>, C4<0>;
L_0x5d7c94a0cc90 .functor NOT 1, L_0x5d7c94a0cb10, C4<0>, C4<0>, C4<0>;
L_0x5d7c94a0ce60 .functor AND 1, v0x5d7c94a04980_0, L_0x5d7c94a0cc90, C4<1>, C4<1>;
L_0x5d7c94a0cf20 .functor NOT 1, L_0x5d7c94a0c670, C4<0>, C4<0>, C4<0>;
L_0x5d7c94a0d100 .functor AND 1, v0x5d7c94a03860_0, L_0x5d7c94a0cf20, C4<1>, C4<1>;
L_0x5d7c94a0d600 .functor BUFZ 34, L_0x5d7c94a0ddf0, C4<0000000000000000000000000000000000>, C4<0000000000000000000000000000000000>, C4<0000000000000000000000000000000000>;
L_0x5d7c94a0d7b0 .functor NOT 1, L_0x5d7c94a0e570, C4<0>, C4<0>, C4<0>;
L_0x5d7c94a0d8c0 .functor NOT 1, L_0x5d7c94a0ea10, C4<0>, C4<0>, C4<0>;
L_0x5d7c94a0eb90 .functor NOT 1, L_0x5d7c94a0ea10, C4<0>, C4<0>, C4<0>;
L_0x5d7c94a0ec90 .functor AND 1, v0x5d7c94a041c0_0, L_0x5d7c94a0eb90, C4<1>, C4<1>;
L_0x5d7c94a0ee60 .functor NOT 1, L_0x5d7c94a0e570, C4<0>, C4<0>, C4<0>;
L_0x5d7c94a0ef60 .functor AND 1, v0x5d7c94a050c0_0, L_0x5d7c94a0ee60, C4<1>, C4<1>;
v0x5d7c949fdfb0_0 .net *"_ivl_11", 0 0, L_0x5d7c94a07b60;  1 drivers
v0x5d7c949fe0b0_0 .net *"_ivl_15", 0 0, L_0x5d7c94a07d20;  1 drivers
v0x5d7c949fe190_0 .net *"_ivl_25", 35 0, L_0x5d7c94a08320;  1 drivers
v0x5d7c949fe280_0 .net *"_ivl_30", 0 0, L_0x5d7c94a097f0;  1 drivers
v0x5d7c949fe360_0 .net *"_ivl_34", 0 0, L_0x5d7c94a09a20;  1 drivers
v0x5d7c949fe490_0 .net *"_ivl_42", 0 0, L_0x5d7c94a0aff0;  1 drivers
v0x5d7c949fe570_0 .net *"_ivl_46", 0 0, L_0x5d7c94a0b250;  1 drivers
v0x5d7c949fe650_0 .net *"_ivl_56", 34 0, L_0x5d7c94a0b7a0;  1 drivers
v0x5d7c949fe730_0 .net *"_ivl_6", 34 0, L_0x5d7c94a06770;  1 drivers
v0x5d7c949fe810_0 .net *"_ivl_61", 0 0, L_0x5d7c94a0cc90;  1 drivers
v0x5d7c949fe8f0_0 .net *"_ivl_65", 0 0, L_0x5d7c94a0cf20;  1 drivers
v0x5d7c949fe9d0_0 .net *"_ivl_75", 33 0, L_0x5d7c94a0d600;  1 drivers
v0x5d7c949feab0_0 .net *"_ivl_80", 0 0, L_0x5d7c94a0eb90;  1 drivers
v0x5d7c949feb90_0 .net *"_ivl_84", 0 0, L_0x5d7c94a0ee60;  1 drivers
v0x5d7c949fec70_0 .net "ar_din", 34 0, L_0x5d7c94a0b1b0;  1 drivers
v0x5d7c949fed30_0 .net "ar_dout", 34 0, L_0x5d7c94a0be60;  1 drivers
v0x5d7c949fee00_0 .net "ar_empty", 0 0, L_0x5d7c94a0c670;  1 drivers
v0x5d7c949fefe0_0 .net "ar_full", 0 0, L_0x5d7c94a0cb10;  1 drivers
v0x5d7c949ff0b0_0 .net "aw_din", 34 0, L_0x5d7c94a063b0;  1 drivers
v0x5d7c949ff180_0 .net "aw_dout", 34 0, L_0x5d7c94a06d70;  1 drivers
v0x5d7c949ff250_0 .net "aw_empty", 0 0, L_0x5d7c94a07540;  1 drivers
v0x5d7c949ff320_0 .net "aw_full", 0 0, L_0x5d7c94a079e0;  1 drivers
v0x5d7c949ff3f0_0 .net "b_empty", 0 0, L_0x5d7c94a0a9d0;  1 drivers
v0x5d7c949ff4c0_0 .net "b_full", 0 0, L_0x5d7c94a0ae70;  1 drivers
v0x5d7c949ff590_0 .net "m_aclk", 0 0, v0x5d7c94a034f0_0;  1 drivers
v0x5d7c949ff630_0 .net "m_aresetn", 0 0, v0x5d7c94a04670_0;  1 drivers
v0x5d7c949ff6d0_0 .net "m_axi_araddr", 31 0, L_0x5d7c94a0b660;  alias, 1 drivers
v0x5d7c949ff770_0 .net "m_axi_arprot", 2 0, L_0x5d7c94a0b520;  alias, 1 drivers
v0x5d7c949ff810_0 .net "m_axi_arready", 0 0, v0x5d7c94a03860_0;  1 drivers
v0x5d7c949ff8b0_0 .net "m_axi_arvalid", 0 0, L_0x5d7c94a0ba30;  alias, 1 drivers
v0x5d7c949ff950_0 .net "m_axi_awaddr", 31 0, L_0x5d7c94a06630;  alias, 1 drivers
v0x5d7c949ffa10_0 .net "m_axi_awprot", 2 0, L_0x5d7c94a06540;  alias, 1 drivers
v0x5d7c949ffaf0_0 .net "m_axi_awready", 0 0, v0x5d7c94a03ba0_0;  1 drivers
v0x5d7c949ffdc0_0 .net "m_axi_awvalid", 0 0, L_0x5d7c94a06940;  alias, 1 drivers
v0x5d7c949ffe80_0 .net "m_axi_bready", 0 0, L_0x5d7c94a09d00;  alias, 1 drivers
v0x5d7c949fff40_0 .net "m_axi_bresp", 1 0, v0x5d7c94a03e10_0;  1 drivers
v0x5d7c94a00030_0 .net "m_axi_bvalid", 0 0, v0x5d7c94a03eb0_0;  1 drivers
v0x5d7c94a000d0_0 .net "m_axi_rdata", 31 0, v0x5d7c94a03f50_0;  1 drivers
v0x5d7c94a001b0_0 .net "m_axi_rready", 0 0, L_0x5d7c94a0d8c0;  alias, 1 drivers
v0x5d7c94a00270_0 .net "m_axi_rresp", 1 0, v0x5d7c94a040f0_0;  1 drivers
v0x5d7c94a00350_0 .net "m_axi_rvalid", 0 0, v0x5d7c94a041c0_0;  1 drivers
v0x5d7c94a00410_0 .net "m_axi_wdata", 31 0, L_0x5d7c94a081a0;  alias, 1 drivers
v0x5d7c94a004f0_0 .net "m_axi_wready", 0 0, v0x5d7c94a04360_0;  1 drivers
v0x5d7c94a005b0_0 .net "m_axi_wstrb", 3 0, L_0x5d7c94a080b0;  alias, 1 drivers
v0x5d7c94a00690_0 .net "m_axi_wvalid", 0 0, L_0x5d7c94a08540;  alias, 1 drivers
v0x5d7c94a00750_0 .net "r_din", 33 0, L_0x5d7c94a0d1c0;  1 drivers
v0x5d7c94a00840_0 .net "r_dout", 33 0, L_0x5d7c94a0ddf0;  1 drivers
v0x5d7c94a00910_0 .net "r_empty", 0 0, L_0x5d7c94a0e570;  1 drivers
v0x5d7c94a009e0_0 .net "r_full", 0 0, L_0x5d7c94a0ea10;  1 drivers
v0x5d7c94a00ab0_0 .net "s_aclk", 0 0, v0x5d7c94a03350_0;  1 drivers
v0x5d7c94a00b50_0 .net "s_aresetn", 0 0, v0x5d7c94a04670_0;  alias, 1 drivers
v0x5d7c94a00bf0_0 .net "s_axi_araddr", 31 0, v0x5d7c94a04710_0;  1 drivers
v0x5d7c94a00c90_0 .net "s_axi_arprot", 2 0, v0x5d7c94a047e0_0;  1 drivers
v0x5d7c94a00d50_0 .net "s_axi_arready", 0 0, L_0x5d7c94a0b860;  alias, 1 drivers
v0x5d7c94a00e10_0 .net "s_axi_arvalid", 0 0, v0x5d7c94a04980_0;  1 drivers
v0x5d7c94a00ed0_0 .net "s_axi_awaddr", 31 0, v0x5d7c94a04a50_0;  1 drivers
v0x5d7c94a00fb0_0 .net "s_axi_awprot", 2 0, v0x5d7c94a04b20_0;  1 drivers
v0x5d7c94a01090_0 .net "s_axi_awready", 0 0, L_0x5d7c94a06830;  alias, 1 drivers
v0x5d7c94a01150_0 .net "s_axi_awvalid", 0 0, v0x5d7c94a04cc0_0;  1 drivers
v0x5d7c94a01210_0 .net "s_axi_bready", 0 0, v0x5d7c94a04d90_0;  1 drivers
v0x5d7c94a012d0_0 .net "s_axi_bresp", 1 0, L_0x5d7c94a0a1c0;  alias, 1 drivers
v0x5d7c94a013c0_0 .net "s_axi_bvalid", 0 0, L_0x5d7c94a099b0;  alias, 1 drivers
v0x5d7c94a01460_0 .net "s_axi_rdata", 31 0, L_0x5d7c94a0d450;  alias, 1 drivers
v0x5d7c94a01540_0 .net "s_axi_rready", 0 0, v0x5d7c94a050c0_0;  1 drivers
v0x5d7c94a01600_0 .net "s_axi_rresp", 1 0, L_0x5d7c94a0d3b0;  alias, 1 drivers
v0x5d7c94a01af0_0 .net "s_axi_rvalid", 0 0, L_0x5d7c94a0d7b0;  alias, 1 drivers
v0x5d7c94a01bb0_0 .net "s_axi_wdata", 31 0, v0x5d7c94a05330_0;  1 drivers
v0x5d7c94a01c90_0 .net "s_axi_wready", 0 0, L_0x5d7c94a08430;  alias, 1 drivers
v0x5d7c94a01d50_0 .net "s_axi_wstrb", 3 0, v0x5d7c94a054d0_0;  1 drivers
v0x5d7c94a01e30_0 .net "s_axi_wvalid", 0 0, v0x5d7c94a055a0_0;  1 drivers
v0x5d7c94a01ef0_0 .net "w_din", 35 0, L_0x5d7c94a07f20;  1 drivers
v0x5d7c94a01fe0_0 .net "w_dout", 35 0, L_0x5d7c94a08980;  1 drivers
v0x5d7c94a020b0_0 .net "w_empty", 0 0, L_0x5d7c94a091d0;  1 drivers
v0x5d7c94a02180_0 .net "w_full", 0 0, L_0x5d7c94a09670;  1 drivers
L_0x5d7c94a063b0 .concat [ 32 3 0 0], v0x5d7c94a04a50_0, v0x5d7c94a04b20_0;
L_0x5d7c94a06540 .part L_0x5d7c94a06770, 32, 3;
L_0x5d7c94a06630 .part L_0x5d7c94a06770, 0, 32;
L_0x5d7c94a07f20 .concat [ 32 4 0 0], v0x5d7c94a05330_0, v0x5d7c94a054d0_0;
L_0x5d7c94a080b0 .part L_0x5d7c94a08320, 32, 4;
L_0x5d7c94a081a0 .part L_0x5d7c94a08320, 0, 32;
L_0x5d7c94a0b1b0 .concat [ 32 3 0 0], v0x5d7c94a04710_0, v0x5d7c94a047e0_0;
L_0x5d7c94a0b520 .part L_0x5d7c94a0b7a0, 32, 3;
L_0x5d7c94a0b660 .part L_0x5d7c94a0b7a0, 0, 32;
L_0x5d7c94a0d1c0 .concat [ 32 2 0 0], v0x5d7c94a03f50_0, v0x5d7c94a040f0_0;
L_0x5d7c94a0d3b0 .part L_0x5d7c94a0d600, 32, 2;
L_0x5d7c94a0d450 .part L_0x5d7c94a0d600, 0, 32;
S_0x5d7c949d6ac0 .scope module, "ar_fifo" "async_fifo" 6 143, 7 2 0, S_0x5d7c949d5e40;
 .timescale 0 0;
    .port_info 0 /INPUT 1 "wclk";
    .port_info 1 /INPUT 1 "wrst_n";
    .port_info 2 /INPUT 1 "winc";
    .port_info 3 /INPUT 35 "wdata";
    .port_info 4 /OUTPUT 1 "wfull";
    .port_info 5 /INPUT 1 "rclk";
    .port_info 6 /INPUT 1 "rrst_n";
    .port_info 7 /INPUT 1 "rinc";
    .port_info 8 /OUTPUT 35 "rdata";
    .port_info 9 /OUTPUT 1 "rempty";
P_0x5d7c94930f30 .param/l "ADDR_WIDTH" 0 7 4, +C4<00000000000000000000000000000100>;
P_0x5d7c94930f70 .param/l "DATA_WIDTH" 0 7 3, +C4<00000000000000000000000000100011>;
P_0x5d7c94930fb0 .param/l "DEPTH" 1 7 22, +C4<00000000000000000000000000010000>;
P_0x5d7c94930ff0 .param/l "SYNC_STAGES" 0 7 5, +C4<00000000000000000000000000000010>;
L_0x5d7c94a0be60 .functor BUFZ 35, L_0x5d7c94a0bb40, C4<00000000000000000000000000000000000>, C4<00000000000000000000000000000000000>, C4<00000000000000000000000000000000000>;
L_0x5d7c94a0c840 .functor NOT 2, L_0x5d7c94a0c7a0, C4<00>, C4<00>, C4<00>;
v0x5d7c949e9e30_0 .net *"_ivl_0", 34 0, L_0x5d7c94a0bb40;  1 drivers
v0x5d7c949e9f10_0 .net *"_ivl_13", 1 0, L_0x5d7c94a0c7a0;  1 drivers
v0x5d7c949e9ff0_0 .net *"_ivl_14", 1 0, L_0x5d7c94a0c840;  1 drivers
v0x5d7c949ea0e0_0 .net *"_ivl_17", 2 0, L_0x5d7c94a0c8b0;  1 drivers
v0x5d7c949ea1c0_0 .net *"_ivl_18", 4 0, L_0x5d7c94a0ca20;  1 drivers
v0x5d7c949ea2f0_0 .net *"_ivl_3", 3 0, L_0x5d7c94a0bbe0;  1 drivers
v0x5d7c949ea3d0_0 .net *"_ivl_4", 5 0, L_0x5d7c94a0bcd0;  1 drivers
L_0x7642c8729378 .functor BUFT 1, C4<00>, C4<0>, C4<0>, C4<0>;
v0x5d7c949ea4b0_0 .net *"_ivl_7", 1 0, L_0x7642c8729378;  1 drivers
v0x5d7c949ea590 .array "mem", 15 0, 34 0;
v0x5d7c949ea650_0 .net "rclk", 0 0, v0x5d7c94a034f0_0;  alias, 1 drivers
v0x5d7c949ea6f0_0 .net "rdata", 34 0, L_0x5d7c94a0be60;  alias, 1 drivers
v0x5d7c949ea7b0_0 .net "rempty", 0 0, L_0x5d7c94a0c670;  alias, 1 drivers
v0x5d7c949ea870_0 .net "rinc", 0 0, L_0x5d7c94a0d100;  1 drivers
v0x5d7c949ea930_0 .var "rptr_bin", 4 0;
v0x5d7c949eaa20_0 .net "rptr_gray", 4 0, L_0x5d7c94a0c3f0;  1 drivers
v0x5d7c949e9440_1 .array/port v0x5d7c949e9440, 1;
v0x5d7c949eaac0_0 .net "rq2_wptr_gray", 4 0, v0x5d7c949e9440_1;  1 drivers
v0x5d7c949eab80_0 .net "rrst_n", 0 0, v0x5d7c94a04670_0;  alias, 1 drivers
v0x5d7c949eac70_0 .net "wclk", 0 0, v0x5d7c94a03350_0;  alias, 1 drivers
v0x5d7c949ead10_0 .net "wdata", 34 0, L_0x5d7c94a0b1b0;  alias, 1 drivers
v0x5d7c949eadb0_0 .net "wfull", 0 0, L_0x5d7c94a0cb10;  alias, 1 drivers
v0x5d7c949eae70_0 .net "winc", 0 0, L_0x5d7c94a0ce60;  1 drivers
v0x5d7c949eaf30_0 .var "wptr_bin", 4 0;
v0x5d7c949eb020_0 .net "wptr_gray", 4 0, L_0x5d7c94a0c150;  1 drivers
v0x5d7c949d8500_1 .array/port v0x5d7c949d8500, 1;
v0x5d7c949eb110_0 .net "wq2_rptr_gray", 4 0, v0x5d7c949d8500_1;  1 drivers
v0x5d7c949eb1d0_0 .net "wrst_n", 0 0, v0x5d7c94a04670_0;  alias, 1 drivers
L_0x5d7c94a0bb40 .array/port v0x5d7c949ea590, L_0x5d7c94a0bcd0;
L_0x5d7c94a0bbe0 .part v0x5d7c949ea930_0, 0, 4;
L_0x5d7c94a0bcd0 .concat [ 4 2 0 0], L_0x5d7c94a0bbe0, L_0x7642c8729378;
L_0x5d7c94a0c670 .cmp/eq 5, L_0x5d7c94a0c3f0, v0x5d7c949e9440_1;
L_0x5d7c94a0c7a0 .part v0x5d7c949d8500_1, 3, 2;
L_0x5d7c94a0c8b0 .part v0x5d7c949d8500_1, 0, 3;
L_0x5d7c94a0ca20 .concat [ 3 2 0 0], L_0x5d7c94a0c8b0, L_0x5d7c94a0c840;
L_0x5d7c94a0cb10 .cmp/eq 5, L_0x5d7c94a0c150, L_0x5d7c94a0ca20;
S_0x5d7c949d6fa0 .scope module, "r_b2g" "bin2gray" 7 55, 4 3 0, S_0x5d7c949d6ac0;
 .timescale 0 0;
    .port_info 0 /INPUT 5 "bin";
    .port_info 1 /OUTPUT 5 "gray";
P_0x5d7c949d71a0 .param/l "WIDTH" 0 4 4, +C4<00000000000000000000000000000101>;
L_0x5d7c94a0c3f0 .functor XOR 5, v0x5d7c949ea930_0, L_0x5d7c94a0c2b0, C4<00000>, C4<00000>;
v0x5d7c949d7290_0 .net *"_ivl_0", 4 0, L_0x5d7c94a0c2b0;  1 drivers
v0x5d7c949d7390_0 .net *"_ivl_2", 3 0, L_0x5d7c94a0c210;  1 drivers
L_0x7642c8729408 .functor BUFT 1, C4<0>, C4<0>, C4<0>, C4<0>;
v0x5d7c949d7470_0 .net *"_ivl_4", 0 0, L_0x7642c8729408;  1 drivers
v0x5d7c949d7560_0 .net "bin", 4 0, v0x5d7c949ea930_0;  1 drivers
v0x5d7c949d7640_0 .net "gray", 4 0, L_0x5d7c94a0c3f0;  alias, 1 drivers
L_0x5d7c94a0c210 .part v0x5d7c949ea930_0, 1, 4;
L_0x5d7c94a0c2b0 .concat [ 4 1 0 0], L_0x5d7c94a0c210, L_0x7642c8729408;
S_0x5d7c949d77d0 .scope module, "sync_r2w" "cdc_sync" 7 58, 8 1 0, S_0x5d7c949d6ac0;
 .timescale 0 0;
    .port_info 0 /INPUT 1 "dest_clk";
    .port_info 1 /INPUT 1 "dest_rst_n";
    .port_info 2 /INPUT 5 "src_data";
    .port_info 3 /OUTPUT 5 "dest_data";
P_0x5d7c949b6810 .param/l "STAGES" 0 8 3, +C4<00000000000000000000000000000010>;
P_0x5d7c949b6850 .param/l "WIDTH" 0 8 2, +C4<00000000000000000000000000000101>;
v0x5d7c949d8180_0 .net "dest_clk", 0 0, v0x5d7c94a03350_0;  alias, 1 drivers
v0x5d7c949d8260_0 .net "dest_data", 4 0, v0x5d7c949d8500_1;  alias, 1 drivers
v0x5d7c949d8340_0 .net "dest_rst_n", 0 0, v0x5d7c94a04670_0;  alias, 1 drivers
v0x5d7c949d8410_0 .net "src_data", 4 0, L_0x5d7c94a0c3f0;  alias, 1 drivers
v0x5d7c949d8500 .array "sync_reg", 0 1, 4 0;
E_0x5d7c949d7b40/0 .event negedge, v0x5d7c949d8340_0;
E_0x5d7c949d7b40/1 .event posedge, v0x5d7c949d8180_0;
E_0x5d7c949d7b40 .event/or E_0x5d7c949d7b40/0, E_0x5d7c949d7b40/1;
S_0x5d7c949d7ba0 .scope begin, "$ivl_for_loop0" "$ivl_for_loop0" 8 15, 8 15 0, S_0x5d7c949d77d0;
 .timescale 0 0;
v0x5d7c949d7da0_0 .var/2s "i", 31 0;
S_0x5d7c949d7ea0 .scope begin, "$ivl_for_loop1" "$ivl_for_loop1" 8 20, 8 20 0, S_0x5d7c949d77d0;
 .timescale 0 0;
v0x5d7c949d80a0_0 .var/2s "i", 31 0;
S_0x5d7c949e8700 .scope module, "sync_w2r" "cdc_sync" 7 66, 8 1 0, S_0x5d7c949d6ac0;
 .timescale 0 0;
    .port_info 0 /INPUT 1 "dest_clk";
    .port_info 1 /INPUT 1 "dest_rst_n";
    .port_info 2 /INPUT 5 "src_data";
    .port_info 3 /OUTPUT 5 "dest_data";
P_0x5d7c949d7a00 .param/l "STAGES" 0 8 3, +C4<00000000000000000000000000000010>;
P_0x5d7c949d7a40 .param/l "WIDTH" 0 8 2, +C4<00000000000000000000000000000101>;
v0x5d7c949e90e0_0 .net "dest_clk", 0 0, v0x5d7c94a034f0_0;  alias, 1 drivers
v0x5d7c949e91c0_0 .net "dest_data", 4 0, v0x5d7c949e9440_1;  alias, 1 drivers
v0x5d7c949e92a0_0 .net "dest_rst_n", 0 0, v0x5d7c94a04670_0;  alias, 1 drivers
v0x5d7c949e93a0_0 .net "src_data", 4 0, L_0x5d7c94a0c150;  alias, 1 drivers
v0x5d7c949e9440 .array "sync_reg", 0 1, 4 0;
E_0x5d7c949e8aa0/0 .event negedge, v0x5d7c949d8340_0;
E_0x5d7c949e8aa0/1 .event posedge, v0x5d7c949e90e0_0;
E_0x5d7c949e8aa0 .event/or E_0x5d7c949e8aa0/0, E_0x5d7c949e8aa0/1;
S_0x5d7c949e8b00 .scope begin, "$ivl_for_loop0" "$ivl_for_loop0" 8 15, 8 15 0, S_0x5d7c949e8700;
 .timescale 0 0;
v0x5d7c949e8d00_0 .var/2s "i", 31 0;
S_0x5d7c949e8e00 .scope begin, "$ivl_for_loop1" "$ivl_for_loop1" 8 20, 8 20 0, S_0x5d7c949e8700;
 .timescale 0 0;
v0x5d7c949e9000_0 .var/2s "i", 31 0;
S_0x5d7c949e9650 .scope module, "w_b2g" "bin2gray" 7 54, 4 3 0, S_0x5d7c949d6ac0;
 .timescale 0 0;
    .port_info 0 /INPUT 5 "bin";
    .port_info 1 /OUTPUT 5 "gray";
P_0x5d7c949e9830 .param/l "WIDTH" 0 4 4, +C4<00000000000000000000000000000101>;
L_0x5d7c94a0c150 .functor XOR 5, v0x5d7c949eaf30_0, L_0x5d7c94a0c010, C4<00000>, C4<00000>;
v0x5d7c949e9930_0 .net *"_ivl_0", 4 0, L_0x5d7c94a0c010;  1 drivers
v0x5d7c949e9a30_0 .net *"_ivl_2", 3 0, L_0x5d7c94a0bf20;  1 drivers
L_0x7642c87293c0 .functor BUFT 1, C4<0>, C4<0>, C4<0>, C4<0>;
v0x5d7c949e9b10_0 .net *"_ivl_4", 0 0, L_0x7642c87293c0;  1 drivers
v0x5d7c949e9c00_0 .net "bin", 4 0, v0x5d7c949eaf30_0;  1 drivers
v0x5d7c949e9ce0_0 .net "gray", 4 0, L_0x5d7c94a0c150;  alias, 1 drivers
L_0x5d7c94a0bf20 .part v0x5d7c949eaf30_0, 1, 4;
L_0x5d7c94a0c010 .concat [ 4 1 0 0], L_0x5d7c94a0bf20, L_0x7642c87293c0;
S_0x5d7c949eb3f0 .scope module, "aw_fifo" "async_fifo" 6 93, 7 2 0, S_0x5d7c949d5e40;
 .timescale 0 0;
    .port_info 0 /INPUT 1 "wclk";
    .port_info 1 /INPUT 1 "wrst_n";
    .port_info 2 /INPUT 1 "winc";
    .port_info 3 /INPUT 35 "wdata";
    .port_info 4 /OUTPUT 1 "wfull";
    .port_info 5 /INPUT 1 "rclk";
    .port_info 6 /INPUT 1 "rrst_n";
    .port_info 7 /INPUT 1 "rinc";
    .port_info 8 /OUTPUT 35 "rdata";
    .port_info 9 /OUTPUT 1 "rempty";
P_0x5d7c949ba1f0 .param/l "ADDR_WIDTH" 0 7 4, +C4<00000000000000000000000000000100>;
P_0x5d7c949ba230 .param/l "DATA_WIDTH" 0 7 3, +C4<00000000000000000000000000100011>;
P_0x5d7c949ba270 .param/l "DEPTH" 1 7 22, +C4<00000000000000000000000000010000>;
P_0x5d7c949ba2b0 .param/l "SYNC_STAGES" 0 7 5, +C4<00000000000000000000000000000010>;
L_0x5d7c94a06d70 .functor BUFZ 35, L_0x5d7c94a06a50, C4<00000000000000000000000000000000000>, C4<00000000000000000000000000000000000>, C4<00000000000000000000000000000000000>;
L_0x5d7c94a07710 .functor NOT 2, L_0x5d7c94a07670, C4<00>, C4<00>, C4<00>;
v0x5d7c949ee6a0_0 .net *"_ivl_0", 34 0, L_0x5d7c94a06a50;  1 drivers
v0x5d7c949ee780_0 .net *"_ivl_13", 1 0, L_0x5d7c94a07670;  1 drivers
v0x5d7c949ee860_0 .net *"_ivl_14", 1 0, L_0x5d7c94a07710;  1 drivers
v0x5d7c949ee950_0 .net *"_ivl_17", 2 0, L_0x5d7c94a07780;  1 drivers
v0x5d7c949eea30_0 .net *"_ivl_18", 4 0, L_0x5d7c94a078f0;  1 drivers
v0x5d7c949eeb60_0 .net *"_ivl_3", 3 0, L_0x5d7c94a06af0;  1 drivers
v0x5d7c949eec40_0 .net *"_ivl_4", 5 0, L_0x5d7c94a06be0;  1 drivers
L_0x7642c87290f0 .functor BUFT 1, C4<00>, C4<0>, C4<0>, C4<0>;
v0x5d7c949eed20_0 .net *"_ivl_7", 1 0, L_0x7642c87290f0;  1 drivers
v0x5d7c949eee00 .array "mem", 15 0, 34 0;
v0x5d7c949eeec0_0 .net "rclk", 0 0, v0x5d7c94a034f0_0;  alias, 1 drivers
v0x5d7c949eef60_0 .net "rdata", 34 0, L_0x5d7c94a06d70;  alias, 1 drivers
v0x5d7c949ef040_0 .net "rempty", 0 0, L_0x5d7c94a07540;  alias, 1 drivers
v0x5d7c949ef100_0 .net "rinc", 0 0, L_0x5d7c94a07e60;  1 drivers
v0x5d7c949ef1c0_0 .var "rptr_bin", 4 0;
v0x5d7c949ef280_0 .net "rptr_gray", 4 0, L_0x5d7c94a07350;  1 drivers
v0x5d7c949edcb0_1 .array/port v0x5d7c949edcb0, 1;
v0x5d7c949ef320_0 .net "rq2_wptr_gray", 4 0, v0x5d7c949edcb0_1;  1 drivers
v0x5d7c949ef3e0_0 .net "rrst_n", 0 0, v0x5d7c94a04670_0;  alias, 1 drivers
v0x5d7c949ef590_0 .net "wclk", 0 0, v0x5d7c94a03350_0;  alias, 1 drivers
v0x5d7c949ef630_0 .net "wdata", 34 0, L_0x5d7c94a063b0;  alias, 1 drivers
v0x5d7c949ef6f0_0 .net "wfull", 0 0, L_0x5d7c94a079e0;  alias, 1 drivers
v0x5d7c949ef7b0_0 .net "winc", 0 0, L_0x5d7c94a07c60;  1 drivers
v0x5d7c949ef870_0 .var "wptr_bin", 4 0;
v0x5d7c949ef960_0 .net "wptr_gray", 4 0, L_0x5d7c94a070b0;  1 drivers
v0x5d7c949ecdd0_1 .array/port v0x5d7c949ecdd0, 1;
v0x5d7c949efa50_0 .net "wq2_rptr_gray", 4 0, v0x5d7c949ecdd0_1;  1 drivers
v0x5d7c949efb10_0 .net "wrst_n", 0 0, v0x5d7c94a04670_0;  alias, 1 drivers
L_0x5d7c94a06a50 .array/port v0x5d7c949eee00, L_0x5d7c94a06be0;
L_0x5d7c94a06af0 .part v0x5d7c949ef1c0_0, 0, 4;
L_0x5d7c94a06be0 .concat [ 4 2 0 0], L_0x5d7c94a06af0, L_0x7642c87290f0;
L_0x5d7c94a07540 .cmp/eq 5, L_0x5d7c94a07350, v0x5d7c949edcb0_1;
L_0x5d7c94a07670 .part v0x5d7c949ecdd0_1, 3, 2;
L_0x5d7c94a07780 .part v0x5d7c949ecdd0_1, 0, 3;
L_0x5d7c94a078f0 .concat [ 3 2 0 0], L_0x5d7c94a07780, L_0x5d7c94a07710;
L_0x5d7c94a079e0 .cmp/eq 5, L_0x5d7c94a070b0, L_0x5d7c94a078f0;
S_0x5d7c949eb8f0 .scope module, "r_b2g" "bin2gray" 7 55, 4 3 0, S_0x5d7c949eb3f0;
 .timescale 0 0;
    .port_info 0 /INPUT 5 "bin";
    .port_info 1 /OUTPUT 5 "gray";
P_0x5d7c949ebad0 .param/l "WIDTH" 0 4 4, +C4<00000000000000000000000000000101>;
L_0x5d7c94a07350 .functor XOR 5, v0x5d7c949ef1c0_0, L_0x5d7c94a07210, C4<00000>, C4<00000>;
v0x5d7c949ebc00_0 .net *"_ivl_0", 4 0, L_0x5d7c94a07210;  1 drivers
v0x5d7c949ebd00_0 .net *"_ivl_2", 3 0, L_0x5d7c94a07170;  1 drivers
L_0x7642c8729180 .functor BUFT 1, C4<0>, C4<0>, C4<0>, C4<0>;
v0x5d7c949ebde0_0 .net *"_ivl_4", 0 0, L_0x7642c8729180;  1 drivers
v0x5d7c949ebed0_0 .net "bin", 4 0, v0x5d7c949ef1c0_0;  1 drivers
v0x5d7c949ebfb0_0 .net "gray", 4 0, L_0x5d7c94a07350;  alias, 1 drivers
L_0x5d7c94a07170 .part v0x5d7c949ef1c0_0, 1, 4;
L_0x5d7c94a07210 .concat [ 4 1 0 0], L_0x5d7c94a07170, L_0x7642c8729180;
S_0x5d7c949ec140 .scope module, "sync_r2w" "cdc_sync" 7 58, 8 1 0, S_0x5d7c949eb3f0;
 .timescale 0 0;
    .port_info 0 /INPUT 1 "dest_clk";
    .port_info 1 /INPUT 1 "dest_rst_n";
    .port_info 2 /INPUT 5 "src_data";
    .port_info 3 /OUTPUT 5 "dest_data";
P_0x5d7c949e8930 .param/l "STAGES" 0 8 3, +C4<00000000000000000000000000000010>;
P_0x5d7c949e8970 .param/l "WIDTH" 0 8 2, +C4<00000000000000000000000000000101>;
v0x5d7c949eca70_0 .net "dest_clk", 0 0, v0x5d7c94a03350_0;  alias, 1 drivers
v0x5d7c949ecb80_0 .net "dest_data", 4 0, v0x5d7c949ecdd0_1;  alias, 1 drivers
v0x5d7c949ecc60_0 .net "dest_rst_n", 0 0, v0x5d7c94a04670_0;  alias, 1 drivers
v0x5d7c949ecd00_0 .net "src_data", 4 0, L_0x5d7c94a07350;  alias, 1 drivers
v0x5d7c949ecdd0 .array "sync_reg", 0 1, 4 0;
S_0x5d7c949ec4b0 .scope begin, "$ivl_for_loop0" "$ivl_for_loop0" 8 15, 8 15 0, S_0x5d7c949ec140;
 .timescale 0 0;
v0x5d7c949ec690_0 .var/2s "i", 31 0;
S_0x5d7c949ec790 .scope begin, "$ivl_for_loop1" "$ivl_for_loop1" 8 20, 8 20 0, S_0x5d7c949ec140;
 .timescale 0 0;
v0x5d7c949ec990_0 .var/2s "i", 31 0;
S_0x5d7c949ed000 .scope module, "sync_w2r" "cdc_sync" 7 66, 8 1 0, S_0x5d7c949eb3f0;
 .timescale 0 0;
    .port_info 0 /INPUT 1 "dest_clk";
    .port_info 1 /INPUT 1 "dest_rst_n";
    .port_info 2 /INPUT 5 "src_data";
    .port_info 3 /OUTPUT 5 "dest_data";
P_0x5d7c949ece90 .param/l "STAGES" 0 8 3, +C4<00000000000000000000000000000010>;
P_0x5d7c949eced0 .param/l "WIDTH" 0 8 2, +C4<00000000000000000000000000000101>;
v0x5d7c949ed960_0 .net "dest_clk", 0 0, v0x5d7c94a034f0_0;  alias, 1 drivers
v0x5d7c949eda70_0 .net "dest_data", 4 0, v0x5d7c949edcb0_1;  alias, 1 drivers
v0x5d7c949edb50_0 .net "dest_rst_n", 0 0, v0x5d7c94a04670_0;  alias, 1 drivers
v0x5d7c949edbf0_0 .net "src_data", 4 0, L_0x5d7c94a070b0;  alias, 1 drivers
v0x5d7c949edcb0 .array "sync_reg", 0 1, 4 0;
S_0x5d7c949ed3a0 .scope begin, "$ivl_for_loop0" "$ivl_for_loop0" 8 15, 8 15 0, S_0x5d7c949ed000;
 .timescale 0 0;
v0x5d7c949ed580_0 .var/2s "i", 31 0;
S_0x5d7c949ed680 .scope begin, "$ivl_for_loop1" "$ivl_for_loop1" 8 20, 8 20 0, S_0x5d7c949ed000;
 .timescale 0 0;
v0x5d7c949ed880_0 .var/2s "i", 31 0;
S_0x5d7c949edec0 .scope module, "w_b2g" "bin2gray" 7 54, 4 3 0, S_0x5d7c949eb3f0;
 .timescale 0 0;
    .port_info 0 /INPUT 5 "bin";
    .port_info 1 /OUTPUT 5 "gray";
P_0x5d7c949ee0a0 .param/l "WIDTH" 0 4 4, +C4<00000000000000000000000000000101>;
L_0x5d7c94a070b0 .functor XOR 5, v0x5d7c949ef870_0, L_0x5d7c94a06f70, C4<00000>, C4<00000>;
v0x5d7c949ee1a0_0 .net *"_ivl_0", 4 0, L_0x5d7c94a06f70;  1 drivers
v0x5d7c949ee2a0_0 .net *"_ivl_2", 3 0, L_0x5d7c94a06e30;  1 drivers
L_0x7642c8729138 .functor BUFT 1, C4<0>, C4<0>, C4<0>, C4<0>;
v0x5d7c949ee380_0 .net *"_ivl_4", 0 0, L_0x7642c8729138;  1 drivers
v0x5d7c949ee470_0 .net "bin", 4 0, v0x5d7c949ef870_0;  1 drivers
v0x5d7c949ee550_0 .net "gray", 4 0, L_0x5d7c94a070b0;  alias, 1 drivers
L_0x5d7c94a06e30 .part v0x5d7c949ef870_0, 1, 4;
L_0x5d7c94a06f70 .concat [ 4 1 0 0], L_0x5d7c94a06e30, L_0x7642c8729138;
S_0x5d7c949efd30 .scope module, "b_fifo" "async_fifo" 6 125, 7 2 0, S_0x5d7c949d5e40;
 .timescale 0 0;
    .port_info 0 /INPUT 1 "wclk";
    .port_info 1 /INPUT 1 "wrst_n";
    .port_info 2 /INPUT 1 "winc";
    .port_info 3 /INPUT 2 "wdata";
    .port_info 4 /OUTPUT 1 "wfull";
    .port_info 5 /INPUT 1 "rclk";
    .port_info 6 /INPUT 1 "rrst_n";
    .port_info 7 /INPUT 1 "rinc";
    .port_info 8 /OUTPUT 2 "rdata";
    .port_info 9 /OUTPUT 1 "rempty";
P_0x5d7c949eff40 .param/l "ADDR_WIDTH" 0 7 4, +C4<00000000000000000000000000000100>;
P_0x5d7c949eff80 .param/l "DATA_WIDTH" 0 7 3, +C4<00000000000000000000000000000010>;
P_0x5d7c949effc0 .param/l "DEPTH" 1 7 22, +C4<00000000000000000000000000010000>;
P_0x5d7c949f0000 .param/l "SYNC_STAGES" 0 7 5, +C4<00000000000000000000000000000010>;
L_0x5d7c94a0a1c0 .functor BUFZ 2, L_0x5d7c94a09ea0, C4<00>, C4<00>, C4<00>;
L_0x5d7c94a0aba0 .functor NOT 2, L_0x5d7c94a0ab00, C4<00>, C4<00>, C4<00>;
v0x5d7c949f3180_0 .net *"_ivl_0", 1 0, L_0x5d7c94a09ea0;  1 drivers
v0x5d7c949f3260_0 .net *"_ivl_13", 1 0, L_0x5d7c94a0ab00;  1 drivers
v0x5d7c949f3340_0 .net *"_ivl_14", 1 0, L_0x5d7c94a0aba0;  1 drivers
v0x5d7c949f3430_0 .net *"_ivl_17", 2 0, L_0x5d7c94a0ac10;  1 drivers
v0x5d7c949f3510_0 .net *"_ivl_18", 4 0, L_0x5d7c94a0ad80;  1 drivers
v0x5d7c949f3640_0 .net *"_ivl_3", 3 0, L_0x5d7c94a09f40;  1 drivers
v0x5d7c949f3720_0 .net *"_ivl_4", 5 0, L_0x5d7c94a0a030;  1 drivers
L_0x7642c87292a0 .functor BUFT 1, C4<00>, C4<0>, C4<0>, C4<0>;
v0x5d7c949f3800_0 .net *"_ivl_7", 1 0, L_0x7642c87292a0;  1 drivers
v0x5d7c949f38e0 .array "mem", 15 0, 1 0;
v0x5d7c949f39a0_0 .net "rclk", 0 0, v0x5d7c94a03350_0;  alias, 1 drivers
v0x5d7c949f3a40_0 .net "rdata", 1 0, L_0x5d7c94a0a1c0;  alias, 1 drivers
v0x5d7c949f3b20_0 .net "rempty", 0 0, L_0x5d7c94a0a9d0;  alias, 1 drivers
v0x5d7c949f3be0_0 .net "rinc", 0 0, L_0x5d7c94a0b2c0;  1 drivers
v0x5d7c949f3ca0_0 .var "rptr_bin", 4 0;
v0x5d7c949f3d60_0 .net "rptr_gray", 4 0, L_0x5d7c94a0a750;  1 drivers
v0x5d7c949f2750_1 .array/port v0x5d7c949f2750, 1;
v0x5d7c949f3e00_0 .net "rq2_wptr_gray", 4 0, v0x5d7c949f2750_1;  1 drivers
v0x5d7c949f3ec0_0 .net "rrst_n", 0 0, v0x5d7c94a04670_0;  alias, 1 drivers
v0x5d7c949f4070_0 .net "wclk", 0 0, v0x5d7c94a034f0_0;  alias, 1 drivers
v0x5d7c949f4110_0 .net "wdata", 1 0, v0x5d7c94a03e10_0;  alias, 1 drivers
v0x5d7c949f41d0_0 .net "wfull", 0 0, L_0x5d7c94a0ae70;  alias, 1 drivers
v0x5d7c949f4290_0 .net "winc", 0 0, L_0x5d7c94a0b0f0;  1 drivers
v0x5d7c949f4350_0 .var "wptr_bin", 4 0;
v0x5d7c949f4440_0 .net "wptr_gray", 4 0, L_0x5d7c94a0a4b0;  1 drivers
v0x5d7c949f1920_1 .array/port v0x5d7c949f1920, 1;
v0x5d7c949f4530_0 .net "wq2_rptr_gray", 4 0, v0x5d7c949f1920_1;  1 drivers
v0x5d7c949f45f0_0 .net "wrst_n", 0 0, v0x5d7c94a04670_0;  alias, 1 drivers
L_0x5d7c94a09ea0 .array/port v0x5d7c949f38e0, L_0x5d7c94a0a030;
L_0x5d7c94a09f40 .part v0x5d7c949f3ca0_0, 0, 4;
L_0x5d7c94a0a030 .concat [ 4 2 0 0], L_0x5d7c94a09f40, L_0x7642c87292a0;
L_0x5d7c94a0a9d0 .cmp/eq 5, L_0x5d7c94a0a750, v0x5d7c949f2750_1;
L_0x5d7c94a0ab00 .part v0x5d7c949f1920_1, 3, 2;
L_0x5d7c94a0ac10 .part v0x5d7c949f1920_1, 0, 3;
L_0x5d7c94a0ad80 .concat [ 3 2 0 0], L_0x5d7c94a0ac10, L_0x5d7c94a0aba0;
L_0x5d7c94a0ae70 .cmp/eq 5, L_0x5d7c94a0a4b0, L_0x5d7c94a0ad80;
S_0x5d7c949f0350 .scope module, "r_b2g" "bin2gray" 7 55, 4 3 0, S_0x5d7c949efd30;
 .timescale 0 0;
    .port_info 0 /INPUT 5 "bin";
    .port_info 1 /OUTPUT 5 "gray";
P_0x5d7c949f0530 .param/l "WIDTH" 0 4 4, +C4<00000000000000000000000000000101>;
L_0x5d7c94a0a750 .functor XOR 5, v0x5d7c949f3ca0_0, L_0x5d7c94a0a610, C4<00000>, C4<00000>;
v0x5d7c949f0660_0 .net *"_ivl_0", 4 0, L_0x5d7c94a0a610;  1 drivers
v0x5d7c949f0760_0 .net *"_ivl_2", 3 0, L_0x5d7c94a0a570;  1 drivers
L_0x7642c8729330 .functor BUFT 1, C4<0>, C4<0>, C4<0>, C4<0>;
v0x5d7c949f0840_0 .net *"_ivl_4", 0 0, L_0x7642c8729330;  1 drivers
v0x5d7c949f0930_0 .net "bin", 4 0, v0x5d7c949f3ca0_0;  1 drivers
v0x5d7c949f0a10_0 .net "gray", 4 0, L_0x5d7c94a0a750;  alias, 1 drivers
L_0x5d7c94a0a570 .part v0x5d7c949f3ca0_0, 1, 4;
L_0x5d7c94a0a610 .concat [ 4 1 0 0], L_0x5d7c94a0a570, L_0x7642c8729330;
S_0x5d7c949f0ba0 .scope module, "sync_r2w" "cdc_sync" 7 58, 8 1 0, S_0x5d7c949efd30;
 .timescale 0 0;
    .port_info 0 /INPUT 1 "dest_clk";
    .port_info 1 /INPUT 1 "dest_rst_n";
    .port_info 2 /INPUT 5 "src_data";
    .port_info 3 /OUTPUT 5 "dest_data";
P_0x5d7c949ed230 .param/l "STAGES" 0 8 3, +C4<00000000000000000000000000000010>;
P_0x5d7c949ed270 .param/l "WIDTH" 0 8 2, +C4<00000000000000000000000000000101>;
v0x5d7c949f14d0_0 .net "dest_clk", 0 0, v0x5d7c94a034f0_0;  alias, 1 drivers
v0x5d7c949f1590_0 .net "dest_data", 4 0, v0x5d7c949f1920_1;  alias, 1 drivers
v0x5d7c949f1670_0 .net "dest_rst_n", 0 0, v0x5d7c94a04670_0;  alias, 1 drivers
v0x5d7c949f1850_0 .net "src_data", 4 0, L_0x5d7c94a0a750;  alias, 1 drivers
v0x5d7c949f1920 .array "sync_reg", 0 1, 4 0;
S_0x5d7c949f0f10 .scope begin, "$ivl_for_loop0" "$ivl_for_loop0" 8 15, 8 15 0, S_0x5d7c949f0ba0;
 .timescale 0 0;
v0x5d7c949f10f0_0 .var/2s "i", 31 0;
S_0x5d7c949f11f0 .scope begin, "$ivl_for_loop1" "$ivl_for_loop1" 8 20, 8 20 0, S_0x5d7c949f0ba0;
 .timescale 0 0;
v0x5d7c949f13f0_0 .var/2s "i", 31 0;
S_0x5d7c949f1ac0 .scope module, "sync_w2r" "cdc_sync" 7 66, 8 1 0, S_0x5d7c949efd30;
 .timescale 0 0;
    .port_info 0 /INPUT 1 "dest_clk";
    .port_info 1 /INPUT 1 "dest_rst_n";
    .port_info 2 /INPUT 5 "src_data";
    .port_info 3 /OUTPUT 5 "dest_data";
P_0x5d7c949ec370 .param/l "STAGES" 0 8 3, +C4<00000000000000000000000000000010>;
P_0x5d7c949ec3b0 .param/l "WIDTH" 0 8 2, +C4<00000000000000000000000000000101>;
v0x5d7c949f2420_0 .net "dest_clk", 0 0, v0x5d7c94a03350_0;  alias, 1 drivers
v0x5d7c949f24e0_0 .net "dest_data", 4 0, v0x5d7c949f2750_1;  alias, 1 drivers
v0x5d7c949f25c0_0 .net "dest_rst_n", 0 0, v0x5d7c94a04670_0;  alias, 1 drivers
v0x5d7c949f2690_0 .net "src_data", 4 0, L_0x5d7c94a0a4b0;  alias, 1 drivers
v0x5d7c949f2750 .array "sync_reg", 0 1, 4 0;
S_0x5d7c949f1e60 .scope begin, "$ivl_for_loop0" "$ivl_for_loop0" 8 15, 8 15 0, S_0x5d7c949f1ac0;
 .timescale 0 0;
v0x5d7c949f2040_0 .var/2s "i", 31 0;
S_0x5d7c949f2140 .scope begin, "$ivl_for_loop1" "$ivl_for_loop1" 8 20, 8 20 0, S_0x5d7c949f1ac0;
 .timescale 0 0;
v0x5d7c949f2340_0 .var/2s "i", 31 0;
S_0x5d7c949f29a0 .scope module, "w_b2g" "bin2gray" 7 54, 4 3 0, S_0x5d7c949efd30;
 .timescale 0 0;
    .port_info 0 /INPUT 5 "bin";
    .port_info 1 /OUTPUT 5 "gray";
P_0x5d7c949f2b80 .param/l "WIDTH" 0 4 4, +C4<00000000000000000000000000000101>;
L_0x5d7c94a0a4b0 .functor XOR 5, v0x5d7c949f4350_0, L_0x5d7c94a0a370, C4<00000>, C4<00000>;
v0x5d7c949f2c80_0 .net *"_ivl_0", 4 0, L_0x5d7c94a0a370;  1 drivers
v0x5d7c949f2d80_0 .net *"_ivl_2", 3 0, L_0x5d7c94a0a280;  1 drivers
L_0x7642c87292e8 .functor BUFT 1, C4<0>, C4<0>, C4<0>, C4<0>;
v0x5d7c949f2e60_0 .net *"_ivl_4", 0 0, L_0x7642c87292e8;  1 drivers
v0x5d7c949f2f50_0 .net "bin", 4 0, v0x5d7c949f4350_0;  1 drivers
v0x5d7c949f3030_0 .net "gray", 4 0, L_0x5d7c94a0a4b0;  alias, 1 drivers
L_0x5d7c94a0a280 .part v0x5d7c949f4350_0, 1, 4;
L_0x5d7c94a0a370 .concat [ 4 1 0 0], L_0x5d7c94a0a280, L_0x7642c87292e8;
S_0x5d7c949f4810 .scope module, "r_fifo" "async_fifo" 6 161, 7 2 0, S_0x5d7c949d5e40;
 .timescale 0 0;
    .port_info 0 /INPUT 1 "wclk";
    .port_info 1 /INPUT 1 "wrst_n";
    .port_info 2 /INPUT 1 "winc";
    .port_info 3 /INPUT 34 "wdata";
    .port_info 4 /OUTPUT 1 "wfull";
    .port_info 5 /INPUT 1 "rclk";
    .port_info 6 /INPUT 1 "rrst_n";
    .port_info 7 /INPUT 1 "rinc";
    .port_info 8 /OUTPUT 34 "rdata";
    .port_info 9 /OUTPUT 1 "rempty";
P_0x5d7c949f49f0 .param/l "ADDR_WIDTH" 0 7 4, +C4<00000000000000000000000000000100>;
P_0x5d7c949f4a30 .param/l "DATA_WIDTH" 0 7 3, +C4<00000000000000000000000000100010>;
P_0x5d7c949f4a70 .param/l "DEPTH" 1 7 22, +C4<00000000000000000000000000010000>;
P_0x5d7c949f4ab0 .param/l "SYNC_STAGES" 0 7 5, +C4<00000000000000000000000000000010>;
L_0x5d7c94a0ddf0 .functor BUFZ 34, L_0x5d7c94a0dad0, C4<0000000000000000000000000000000000>, C4<0000000000000000000000000000000000>, C4<0000000000000000000000000000000000>;
L_0x5d7c94a0e740 .functor NOT 2, L_0x5d7c94a0e6a0, C4<00>, C4<00>, C4<00>;
v0x5d7c949f7bc0_0 .net *"_ivl_0", 33 0, L_0x5d7c94a0dad0;  1 drivers
v0x5d7c949f7ca0_0 .net *"_ivl_13", 1 0, L_0x5d7c94a0e6a0;  1 drivers
v0x5d7c949f7d80_0 .net *"_ivl_14", 1 0, L_0x5d7c94a0e740;  1 drivers
v0x5d7c949f7e70_0 .net *"_ivl_17", 2 0, L_0x5d7c94a0e7b0;  1 drivers
v0x5d7c949f7f50_0 .net *"_ivl_18", 4 0, L_0x5d7c94a0e920;  1 drivers
v0x5d7c949f8080_0 .net *"_ivl_3", 3 0, L_0x5d7c94a0db70;  1 drivers
v0x5d7c949f8160_0 .net *"_ivl_4", 5 0, L_0x5d7c94a0dc60;  1 drivers
L_0x7642c8729450 .functor BUFT 1, C4<00>, C4<0>, C4<0>, C4<0>;
v0x5d7c949f8240_0 .net *"_ivl_7", 1 0, L_0x7642c8729450;  1 drivers
v0x5d7c949f8320 .array "mem", 15 0, 33 0;
v0x5d7c949f83e0_0 .net "rclk", 0 0, v0x5d7c94a03350_0;  alias, 1 drivers
v0x5d7c949f8480_0 .net "rdata", 33 0, L_0x5d7c94a0ddf0;  alias, 1 drivers
v0x5d7c949f8560_0 .net "rempty", 0 0, L_0x5d7c94a0e570;  alias, 1 drivers
v0x5d7c949f8620_0 .net "rinc", 0 0, L_0x5d7c94a0ef60;  1 drivers
v0x5d7c949f86e0_0 .var "rptr_bin", 4 0;
v0x5d7c949f87a0_0 .net "rptr_gray", 4 0, L_0x5d7c94a0e380;  1 drivers
v0x5d7c949f71d0_1 .array/port v0x5d7c949f71d0, 1;
v0x5d7c949f8840_0 .net "rq2_wptr_gray", 4 0, v0x5d7c949f71d0_1;  1 drivers
v0x5d7c949f8900_0 .net "rrst_n", 0 0, v0x5d7c94a04670_0;  alias, 1 drivers
v0x5d7c949f8ab0_0 .net "wclk", 0 0, v0x5d7c94a034f0_0;  alias, 1 drivers
v0x5d7c949f8b50_0 .net "wdata", 33 0, L_0x5d7c94a0d1c0;  alias, 1 drivers
v0x5d7c949f8c10_0 .net "wfull", 0 0, L_0x5d7c94a0ea10;  alias, 1 drivers
v0x5d7c949f8cd0_0 .net "winc", 0 0, L_0x5d7c94a0ec90;  1 drivers
v0x5d7c949f8d90_0 .var "wptr_bin", 4 0;
v0x5d7c949f8e80_0 .net "wptr_gray", 4 0, L_0x5d7c94a0e0e0;  1 drivers
v0x5d7c949f62e0_1 .array/port v0x5d7c949f62e0, 1;
v0x5d7c949f8f70_0 .net "wq2_rptr_gray", 4 0, v0x5d7c949f62e0_1;  1 drivers
v0x5d7c949f9030_0 .net "wrst_n", 0 0, v0x5d7c94a04670_0;  alias, 1 drivers
L_0x5d7c94a0dad0 .array/port v0x5d7c949f8320, L_0x5d7c94a0dc60;
L_0x5d7c94a0db70 .part v0x5d7c949f86e0_0, 0, 4;
L_0x5d7c94a0dc60 .concat [ 4 2 0 0], L_0x5d7c94a0db70, L_0x7642c8729450;
L_0x5d7c94a0e570 .cmp/eq 5, L_0x5d7c94a0e380, v0x5d7c949f71d0_1;
L_0x5d7c94a0e6a0 .part v0x5d7c949f62e0_1, 3, 2;
L_0x5d7c94a0e7b0 .part v0x5d7c949f62e0_1, 0, 3;
L_0x5d7c94a0e920 .concat [ 3 2 0 0], L_0x5d7c94a0e7b0, L_0x5d7c94a0e740;
L_0x5d7c94a0ea10 .cmp/eq 5, L_0x5d7c94a0e0e0, L_0x5d7c94a0e920;
S_0x5d7c949f4e00 .scope module, "r_b2g" "bin2gray" 7 55, 4 3 0, S_0x5d7c949f4810;
 .timescale 0 0;
    .port_info 0 /INPUT 5 "bin";
    .port_info 1 /OUTPUT 5 "gray";
P_0x5d7c949f5000 .param/l "WIDTH" 0 4 4, +C4<00000000000000000000000000000101>;
L_0x5d7c94a0e380 .functor XOR 5, v0x5d7c949f86e0_0, L_0x5d7c94a0e240, C4<00000>, C4<00000>;
v0x5d7c949f5130_0 .net *"_ivl_0", 4 0, L_0x5d7c94a0e240;  1 drivers
v0x5d7c949f5230_0 .net *"_ivl_2", 3 0, L_0x5d7c94a0e1a0;  1 drivers
L_0x7642c87294e0 .functor BUFT 1, C4<0>, C4<0>, C4<0>, C4<0>;
v0x5d7c949f5310_0 .net *"_ivl_4", 0 0, L_0x7642c87294e0;  1 drivers
v0x5d7c949f5400_0 .net "bin", 4 0, v0x5d7c949f86e0_0;  1 drivers
v0x5d7c949f54e0_0 .net "gray", 4 0, L_0x5d7c94a0e380;  alias, 1 drivers
L_0x5d7c94a0e1a0 .part v0x5d7c949f86e0_0, 1, 4;
L_0x5d7c94a0e240 .concat [ 4 1 0 0], L_0x5d7c94a0e1a0, L_0x7642c87294e0;
S_0x5d7c949f5670 .scope module, "sync_r2w" "cdc_sync" 7 58, 8 1 0, S_0x5d7c949f4810;
 .timescale 0 0;
    .port_info 0 /INPUT 1 "dest_clk";
    .port_info 1 /INPUT 1 "dest_rst_n";
    .port_info 2 /INPUT 5 "src_data";
    .port_info 3 /OUTPUT 5 "dest_data";
P_0x5d7c949f2830 .param/l "STAGES" 0 8 3, +C4<00000000000000000000000000000010>;
P_0x5d7c949f2870 .param/l "WIDTH" 0 8 2, +C4<00000000000000000000000000000101>;
v0x5d7c949f5fa0_0 .net "dest_clk", 0 0, v0x5d7c94a034f0_0;  alias, 1 drivers
v0x5d7c949f6060_0 .net "dest_data", 4 0, v0x5d7c949f62e0_1;  alias, 1 drivers
v0x5d7c949f6140_0 .net "dest_rst_n", 0 0, v0x5d7c94a04670_0;  alias, 1 drivers
v0x5d7c949f6210_0 .net "src_data", 4 0, L_0x5d7c94a0e380;  alias, 1 drivers
v0x5d7c949f62e0 .array "sync_reg", 0 1, 4 0;
S_0x5d7c949f59e0 .scope begin, "$ivl_for_loop0" "$ivl_for_loop0" 8 15, 8 15 0, S_0x5d7c949f5670;
 .timescale 0 0;
v0x5d7c949f5bc0_0 .var/2s "i", 31 0;
S_0x5d7c949f5cc0 .scope begin, "$ivl_for_loop1" "$ivl_for_loop1" 8 20, 8 20 0, S_0x5d7c949f5670;
 .timescale 0 0;
v0x5d7c949f5ec0_0 .var/2s "i", 31 0;
S_0x5d7c949f64d0 .scope module, "sync_w2r" "cdc_sync" 7 66, 8 1 0, S_0x5d7c949f4810;
 .timescale 0 0;
    .port_info 0 /INPUT 1 "dest_clk";
    .port_info 1 /INPUT 1 "dest_rst_n";
    .port_info 2 /INPUT 5 "src_data";
    .port_info 3 /OUTPUT 5 "dest_data";
P_0x5d7c949f58a0 .param/l "STAGES" 0 8 3, +C4<00000000000000000000000000000010>;
P_0x5d7c949f58e0 .param/l "WIDTH" 0 8 2, +C4<00000000000000000000000000000101>;
v0x5d7c949f6ea0_0 .net "dest_clk", 0 0, v0x5d7c94a03350_0;  alias, 1 drivers
v0x5d7c949f6f60_0 .net "dest_data", 4 0, v0x5d7c949f71d0_1;  alias, 1 drivers
v0x5d7c949f7040_0 .net "dest_rst_n", 0 0, v0x5d7c94a04670_0;  alias, 1 drivers
v0x5d7c949f7110_0 .net "src_data", 4 0, L_0x5d7c94a0e0e0;  alias, 1 drivers
v0x5d7c949f71d0 .array "sync_reg", 0 1, 4 0;
S_0x5d7c949f68e0 .scope begin, "$ivl_for_loop0" "$ivl_for_loop0" 8 15, 8 15 0, S_0x5d7c949f64d0;
 .timescale 0 0;
v0x5d7c949f6ac0_0 .var/2s "i", 31 0;
S_0x5d7c949f6bc0 .scope begin, "$ivl_for_loop1" "$ivl_for_loop1" 8 20, 8 20 0, S_0x5d7c949f64d0;
 .timescale 0 0;
v0x5d7c949f6dc0_0 .var/2s "i", 31 0;
S_0x5d7c949f73e0 .scope module, "w_b2g" "bin2gray" 7 54, 4 3 0, S_0x5d7c949f4810;
 .timescale 0 0;
    .port_info 0 /INPUT 5 "bin";
    .port_info 1 /OUTPUT 5 "gray";
P_0x5d7c949f75c0 .param/l "WIDTH" 0 4 4, +C4<00000000000000000000000000000101>;
L_0x5d7c94a0e0e0 .functor XOR 5, v0x5d7c949f8d90_0, L_0x5d7c94a0dfa0, C4<00000>, C4<00000>;
v0x5d7c949f76c0_0 .net *"_ivl_0", 4 0, L_0x5d7c94a0dfa0;  1 drivers
v0x5d7c949f77c0_0 .net *"_ivl_2", 3 0, L_0x5d7c94a0deb0;  1 drivers
L_0x7642c8729498 .functor BUFT 1, C4<0>, C4<0>, C4<0>, C4<0>;
v0x5d7c949f78a0_0 .net *"_ivl_4", 0 0, L_0x7642c8729498;  1 drivers
v0x5d7c949f7990_0 .net "bin", 4 0, v0x5d7c949f8d90_0;  1 drivers
v0x5d7c949f7a70_0 .net "gray", 4 0, L_0x5d7c94a0e0e0;  alias, 1 drivers
L_0x5d7c94a0deb0 .part v0x5d7c949f8d90_0, 1, 4;
L_0x5d7c94a0dfa0 .concat [ 4 1 0 0], L_0x5d7c94a0deb0, L_0x7642c8729498;
S_0x5d7c949f9250 .scope module, "w_fifo" "async_fifo" 6 111, 7 2 0, S_0x5d7c949d5e40;
 .timescale 0 0;
    .port_info 0 /INPUT 1 "wclk";
    .port_info 1 /INPUT 1 "wrst_n";
    .port_info 2 /INPUT 1 "winc";
    .port_info 3 /INPUT 36 "wdata";
    .port_info 4 /OUTPUT 1 "wfull";
    .port_info 5 /INPUT 1 "rclk";
    .port_info 6 /INPUT 1 "rrst_n";
    .port_info 7 /INPUT 1 "rinc";
    .port_info 8 /OUTPUT 36 "rdata";
    .port_info 9 /OUTPUT 1 "rempty";
P_0x5d7c949f9480 .param/l "ADDR_WIDTH" 0 7 4, +C4<00000000000000000000000000000100>;
P_0x5d7c949f94c0 .param/l "DATA_WIDTH" 0 7 3, +C4<00000000000000000000000000100100>;
P_0x5d7c949f9500 .param/l "DEPTH" 1 7 22, +C4<00000000000000000000000000010000>;
P_0x5d7c949f9540 .param/l "SYNC_STAGES" 0 7 5, +C4<00000000000000000000000000000010>;
L_0x5d7c94a08980 .functor BUFZ 36, L_0x5d7c94a086b0, C4<000000000000000000000000000000000000>, C4<000000000000000000000000000000000000>, C4<000000000000000000000000000000000000>;
L_0x5d7c94a093a0 .functor NOT 2, L_0x5d7c94a09300, C4<00>, C4<00>, C4<00>;
v0x5d7c949fc920_0 .net *"_ivl_0", 35 0, L_0x5d7c94a086b0;  1 drivers
v0x5d7c949fca00_0 .net *"_ivl_13", 1 0, L_0x5d7c94a09300;  1 drivers
v0x5d7c949fcae0_0 .net *"_ivl_14", 1 0, L_0x5d7c94a093a0;  1 drivers
v0x5d7c949fcbd0_0 .net *"_ivl_17", 2 0, L_0x5d7c94a09410;  1 drivers
v0x5d7c949fccb0_0 .net *"_ivl_18", 4 0, L_0x5d7c94a09580;  1 drivers
v0x5d7c949fcde0_0 .net *"_ivl_3", 3 0, L_0x5d7c94a08750;  1 drivers
v0x5d7c949fcec0_0 .net *"_ivl_4", 5 0, L_0x5d7c94a087f0;  1 drivers
L_0x7642c87291c8 .functor BUFT 1, C4<00>, C4<0>, C4<0>, C4<0>;
v0x5d7c949fcfa0_0 .net *"_ivl_7", 1 0, L_0x7642c87291c8;  1 drivers
v0x5d7c949fd080 .array "mem", 15 0, 35 0;
v0x5d7c949fd140_0 .net "rclk", 0 0, v0x5d7c94a034f0_0;  alias, 1 drivers
v0x5d7c949fd1e0_0 .net "rdata", 35 0, L_0x5d7c94a08980;  alias, 1 drivers
v0x5d7c949fd2c0_0 .net "rempty", 0 0, L_0x5d7c94a091d0;  alias, 1 drivers
v0x5d7c949fd380_0 .net "rinc", 0 0, L_0x5d7c94a09b20;  1 drivers
v0x5d7c949fd440_0 .var "rptr_bin", 4 0;
v0x5d7c949fd500_0 .net "rptr_gray", 4 0, L_0x5d7c94a08f50;  1 drivers
v0x5d7c949fbf30_1 .array/port v0x5d7c949fbf30, 1;
v0x5d7c949fd5a0_0 .net "rq2_wptr_gray", 4 0, v0x5d7c949fbf30_1;  1 drivers
v0x5d7c949fd660_0 .net "rrst_n", 0 0, v0x5d7c94a04670_0;  alias, 1 drivers
v0x5d7c949fd810_0 .net "wclk", 0 0, v0x5d7c94a03350_0;  alias, 1 drivers
v0x5d7c949fd8b0_0 .net "wdata", 35 0, L_0x5d7c94a07f20;  alias, 1 drivers
v0x5d7c949fd970_0 .net "wfull", 0 0, L_0x5d7c94a09670;  alias, 1 drivers
v0x5d7c949fda30_0 .net "winc", 0 0, L_0x5d7c94a098f0;  1 drivers
v0x5d7c949fdaf0_0 .var "wptr_bin", 4 0;
v0x5d7c949fdbe0_0 .net "wptr_gray", 4 0, L_0x5d7c94a08c70;  1 drivers
v0x5d7c949fb0d0_1 .array/port v0x5d7c949fb0d0, 1;
v0x5d7c949fdcd0_0 .net "wq2_rptr_gray", 4 0, v0x5d7c949fb0d0_1;  1 drivers
v0x5d7c949fdd90_0 .net "wrst_n", 0 0, v0x5d7c94a04670_0;  alias, 1 drivers
L_0x5d7c94a086b0 .array/port v0x5d7c949fd080, L_0x5d7c94a087f0;
L_0x5d7c94a08750 .part v0x5d7c949fd440_0, 0, 4;
L_0x5d7c94a087f0 .concat [ 4 2 0 0], L_0x5d7c94a08750, L_0x7642c87291c8;
L_0x5d7c94a091d0 .cmp/eq 5, L_0x5d7c94a08f50, v0x5d7c949fbf30_1;
L_0x5d7c94a09300 .part v0x5d7c949fb0d0_1, 3, 2;
L_0x5d7c94a09410 .part v0x5d7c949fb0d0_1, 0, 3;
L_0x5d7c94a09580 .concat [ 3 2 0 0], L_0x5d7c94a09410, L_0x5d7c94a093a0;
L_0x5d7c94a09670 .cmp/eq 5, L_0x5d7c94a08c70, L_0x5d7c94a09580;
S_0x5d7c949f9860 .scope module, "r_b2g" "bin2gray" 7 55, 4 3 0, S_0x5d7c949f9250;
 .timescale 0 0;
    .port_info 0 /INPUT 5 "bin";
    .port_info 1 /OUTPUT 5 "gray";
P_0x5d7c949f9a60 .param/l "WIDTH" 0 4 4, +C4<00000000000000000000000000000101>;
L_0x5d7c94a08f50 .functor XOR 5, v0x5d7c949fd440_0, L_0x5d7c94a08e60, C4<00000>, C4<00000>;
v0x5d7c949f9b90_0 .net *"_ivl_0", 4 0, L_0x5d7c94a08e60;  1 drivers
v0x5d7c949f9c90_0 .net *"_ivl_2", 3 0, L_0x5d7c94a08d30;  1 drivers
L_0x7642c8729258 .functor BUFT 1, C4<0>, C4<0>, C4<0>, C4<0>;
v0x5d7c949f9d70_0 .net *"_ivl_4", 0 0, L_0x7642c8729258;  1 drivers
v0x5d7c949f9e60_0 .net "bin", 4 0, v0x5d7c949fd440_0;  1 drivers
v0x5d7c949f9f40_0 .net "gray", 4 0, L_0x5d7c94a08f50;  alias, 1 drivers
L_0x5d7c94a08d30 .part v0x5d7c949fd440_0, 1, 4;
L_0x5d7c94a08e60 .concat [ 4 1 0 0], L_0x5d7c94a08d30, L_0x7642c8729258;
S_0x5d7c949fa0d0 .scope module, "sync_r2w" "cdc_sync" 7 58, 8 1 0, S_0x5d7c949f9250;
 .timescale 0 0;
    .port_info 0 /INPUT 1 "dest_clk";
    .port_info 1 /INPUT 1 "dest_rst_n";
    .port_info 2 /INPUT 5 "src_data";
    .port_info 3 /OUTPUT 5 "dest_data";
P_0x5d7c949f6700 .param/l "STAGES" 0 8 3, +C4<00000000000000000000000000000010>;
P_0x5d7c949f6740 .param/l "WIDTH" 0 8 2, +C4<00000000000000000000000000000101>;
v0x5d7c949faa70_0 .net "dest_clk", 0 0, v0x5d7c94a03350_0;  alias, 1 drivers
v0x5d7c949fac40_0 .net "dest_data", 4 0, v0x5d7c949fb0d0_1;  alias, 1 drivers
v0x5d7c949fad20_0 .net "dest_rst_n", 0 0, v0x5d7c94a04670_0;  alias, 1 drivers
v0x5d7c949fb000_0 .net "src_data", 4 0, L_0x5d7c94a08f50;  alias, 1 drivers
v0x5d7c949fb0d0 .array "sync_reg", 0 1, 4 0;
S_0x5d7c949fa4b0 .scope begin, "$ivl_for_loop0" "$ivl_for_loop0" 8 15, 8 15 0, S_0x5d7c949fa0d0;
 .timescale 0 0;
v0x5d7c949fa690_0 .var/2s "i", 31 0;
S_0x5d7c949fa790 .scope begin, "$ivl_for_loop1" "$ivl_for_loop1" 8 20, 8 20 0, S_0x5d7c949fa0d0;
 .timescale 0 0;
v0x5d7c949fa990_0 .var/2s "i", 31 0;
S_0x5d7c949fb2c0 .scope module, "sync_w2r" "cdc_sync" 7 66, 8 1 0, S_0x5d7c949f9250;
 .timescale 0 0;
    .port_info 0 /INPUT 1 "dest_clk";
    .port_info 1 /INPUT 1 "dest_rst_n";
    .port_info 2 /INPUT 5 "src_data";
    .port_info 3 /OUTPUT 5 "dest_data";
P_0x5d7c949f1cf0 .param/l "STAGES" 0 8 3, +C4<00000000000000000000000000000010>;
P_0x5d7c949f1d30 .param/l "WIDTH" 0 8 2, +C4<00000000000000000000000000000101>;
v0x5d7c949fbc00_0 .net "dest_clk", 0 0, v0x5d7c94a034f0_0;  alias, 1 drivers
v0x5d7c949fbcc0_0 .net "dest_data", 4 0, v0x5d7c949fbf30_1;  alias, 1 drivers
v0x5d7c949fbda0_0 .net "dest_rst_n", 0 0, v0x5d7c94a04670_0;  alias, 1 drivers
v0x5d7c949fbe70_0 .net "src_data", 4 0, L_0x5d7c94a08c70;  alias, 1 drivers
v0x5d7c949fbf30 .array "sync_reg", 0 1, 4 0;
S_0x5d7c949fb640 .scope begin, "$ivl_for_loop0" "$ivl_for_loop0" 8 15, 8 15 0, S_0x5d7c949fb2c0;
 .timescale 0 0;
v0x5d7c949fb820_0 .var/2s "i", 31 0;
S_0x5d7c949fb920 .scope begin, "$ivl_for_loop1" "$ivl_for_loop1" 8 20, 8 20 0, S_0x5d7c949fb2c0;
 .timescale 0 0;
v0x5d7c949fbb20_0 .var/2s "i", 31 0;
S_0x5d7c949fc140 .scope module, "w_b2g" "bin2gray" 7 54, 4 3 0, S_0x5d7c949f9250;
 .timescale 0 0;
    .port_info 0 /INPUT 5 "bin";
    .port_info 1 /OUTPUT 5 "gray";
P_0x5d7c949fc320 .param/l "WIDTH" 0 4 4, +C4<00000000000000000000000000000101>;
L_0x5d7c94a08c70 .functor XOR 5, v0x5d7c949fdaf0_0, L_0x5d7c94a08b30, C4<00000>, C4<00000>;
v0x5d7c949fc420_0 .net *"_ivl_0", 4 0, L_0x5d7c94a08b30;  1 drivers
v0x5d7c949fc520_0 .net *"_ivl_2", 3 0, L_0x5d7c94a08a40;  1 drivers
L_0x7642c8729210 .functor BUFT 1, C4<0>, C4<0>, C4<0>, C4<0>;
v0x5d7c949fc600_0 .net *"_ivl_4", 0 0, L_0x7642c8729210;  1 drivers
v0x5d7c949fc6f0_0 .net "bin", 4 0, v0x5d7c949fdaf0_0;  1 drivers
v0x5d7c949fc7d0_0 .net "gray", 4 0, L_0x5d7c94a08c70;  alias, 1 drivers
L_0x5d7c94a08a40 .part v0x5d7c949fdaf0_0, 1, 4;
L_0x5d7c94a08b30 .concat [ 4 1 0 0], L_0x5d7c94a08a40, L_0x7642c8729210;
S_0x5d7c94a02730 .scope autotask, "master_read" "master_read" 5 140, 5 140 0, S_0x5d7c949ac2f0;
 .timescale 0 0;
v0x5d7c94a02a00_0 .var "addr", 31 0;
v0x5d7c94a02b00_0 .var "data", 31 0;
v0x5d7c94a02be0_0 .var "resp", 1 0;
E_0x5d7c94a028c0 .event posedge, v0x5d7c949d8180_0;
E_0x5d7c94a02940 .event anyedge, v0x5d7c94a01af0_0, v0x5d7c94a01540_0;
E_0x5d7c94a029a0 .event anyedge, v0x5d7c94a00e10_0, v0x5d7c94a00d50_0;
TD_tb_axi_cdc_bridge.master_read ;
    %wait E_0x5d7c94a028c0;
    %load/vec4 v0x5d7c94a02a00_0;
    %assign/vec4 v0x5d7c94a04710_0, 0;
    %pushi/vec4 0, 0, 3;
    %assign/vec4 v0x5d7c94a047e0_0, 0;
    %pushi/vec4 1, 0, 1;
    %assign/vec4 v0x5d7c94a04980_0, 0;
    %pushi/vec4 1, 0, 1;
    %assign/vec4 v0x5d7c94a050c0_0, 0;
T_0.0 ;
    %load/vec4 v0x5d7c94a04980_0;
    %flag_set/vec4 8;
    %flag_get/vec4 8;
    %jmp/0 T_0.2, 8;
    %load/vec4 v0x5d7c94a048b0_0;
    %and;
T_0.2;
    %cmpi/ne 1, 0, 1;
    %jmp/0xz T_0.1, 6;
    %wait E_0x5d7c94a029a0;
    %jmp T_0.0;
T_0.1 ;
    %wait E_0x5d7c94a028c0;
    %pushi/vec4 0, 0, 1;
    %assign/vec4 v0x5d7c94a04980_0, 0;
T_0.3 ;
    %load/vec4 v0x5d7c94a05260_0;
    %flag_set/vec4 8;
    %flag_get/vec4 8;
    %jmp/0 T_0.5, 8;
    %load/vec4 v0x5d7c94a050c0_0;
    %and;
T_0.5;
    %cmpi/ne 1, 0, 1;
    %jmp/0xz T_0.4, 6;
    %wait E_0x5d7c94a02940;
    %jmp T_0.3;
T_0.4 ;
    %load/vec4 v0x5d7c94a04ff0_0;
    %store/vec4 v0x5d7c94a02b00_0, 0, 32;
    %load/vec4 v0x5d7c94a05190_0;
    %store/vec4 v0x5d7c94a02be0_0, 0, 2;
    %wait E_0x5d7c94a028c0;
    %pushi/vec4 0, 0, 1;
    %assign/vec4 v0x5d7c94a050c0_0, 0;
    %end;
S_0x5d7c94a02cd0 .scope autotask, "master_write" "master_write" 5 106, 5 106 0, S_0x5d7c949ac2f0;
 .timescale 0 0;
v0x5d7c94a030d0_0 .var "addr", 31 0;
v0x5d7c94a031b0_0 .var "data", 31 0;
v0x5d7c94a03290_0 .var "resp", 1 0;
E_0x5d7c94a02f00 .event posedge, v0x5d7c949d8180_0;
E_0x5d7c94a02f80 .event anyedge, v0x5d7c94a013c0_0, v0x5d7c94a01210_0;
E_0x5d7c94a02fe0 .event anyedge, v0x5d7c94a01e30_0, v0x5d7c94a01c90_0;
E_0x5d7c94a03040 .event anyedge, v0x5d7c94a01150_0, v0x5d7c94a01090_0;
TD_tb_axi_cdc_bridge.master_write ;
    %wait E_0x5d7c94a02f00;
    %load/vec4 v0x5d7c94a030d0_0;
    %assign/vec4 v0x5d7c94a04a50_0, 0;
    %pushi/vec4 0, 0, 3;
    %assign/vec4 v0x5d7c94a04b20_0, 0;
    %pushi/vec4 1, 0, 1;
    %assign/vec4 v0x5d7c94a04cc0_0, 0;
    %load/vec4 v0x5d7c94a031b0_0;
    %assign/vec4 v0x5d7c94a05330_0, 0;
    %pushi/vec4 15, 0, 4;
    %assign/vec4 v0x5d7c94a054d0_0, 0;
    %pushi/vec4 1, 0, 1;
    %assign/vec4 v0x5d7c94a055a0_0, 0;
    %pushi/vec4 1, 0, 1;
    %assign/vec4 v0x5d7c94a04d90_0, 0;
    %fork t_1, S_0x5d7c94a02cd0;
    %fork t_2, S_0x5d7c94a02cd0;
    %join;
    %join;
    %jmp t_0;
t_1 ;
T_1.6 ;
    %load/vec4 v0x5d7c94a04cc0_0;
    %flag_set/vec4 8;
    %flag_get/vec4 8;
    %jmp/0 T_1.8, 8;
    %load/vec4 v0x5d7c94a04bf0_0;
    %and;
T_1.8;
    %cmpi/ne 1, 0, 1;
    %jmp/0xz T_1.7, 6;
    %wait E_0x5d7c94a03040;
    %jmp T_1.6;
T_1.7 ;
    %wait E_0x5d7c94a02f00;
    %pushi/vec4 0, 0, 1;
    %assign/vec4 v0x5d7c94a04cc0_0, 0;
    %end;
t_2 ;
T_1.9 ;
    %load/vec4 v0x5d7c94a055a0_0;
    %flag_set/vec4 8;
    %flag_get/vec4 8;
    %jmp/0 T_1.11, 8;
    %load/vec4 v0x5d7c94a05400_0;
    %and;
T_1.11;
    %cmpi/ne 1, 0, 1;
    %jmp/0xz T_1.10, 6;
    %wait E_0x5d7c94a02fe0;
    %jmp T_1.9;
T_1.10 ;
    %wait E_0x5d7c94a02f00;
    %pushi/vec4 0, 0, 1;
    %assign/vec4 v0x5d7c94a055a0_0, 0;
    %end;
    .scope S_0x5d7c94a02cd0;
t_0 ;
T_1.12 ;
    %load/vec4 v0x5d7c94a04f50_0;
    %flag_set/vec4 8;
    %flag_get/vec4 8;
    %jmp/0 T_1.14, 8;
    %load/vec4 v0x5d7c94a04d90_0;
    %and;
T_1.14;
    %cmpi/ne 1, 0, 1;
    %jmp/0xz T_1.13, 6;
    %wait E_0x5d7c94a02f80;
    %jmp T_1.12;
T_1.13 ;
    %load/vec4 v0x5d7c94a04e60_0;
    %store/vec4 v0x5d7c94a03290_0, 0, 2;
    %wait E_0x5d7c94a02f00;
    %pushi/vec4 0, 0, 1;
    %assign/vec4 v0x5d7c94a04d90_0, 0;
    %end;
    .scope S_0x5d7c949ec140;
T_2 ;
    %wait E_0x5d7c949d7b40;
    %load/vec4 v0x5d7c949ecc60_0;
    %nor/r;
    %flag_set/vec4 8;
    %jmp/0xz  T_2.0, 8;
    %fork t_4, S_0x5d7c949ec4b0;
    %jmp t_3;
    .scope S_0x5d7c949ec4b0;
t_4 ;
    %pushi/vec4 0, 0, 32;
    %store/vec4 v0x5d7c949ec690_0, 0, 32;
T_2.2 ;
    %load/vec4 v0x5d7c949ec690_0;
    %cmpi/s 2, 0, 32;
    %jmp/0xz T_2.3, 5;
    %pushi/vec4 0, 0, 5;
    %ix/getv/s 3, v0x5d7c949ec690_0;
    %ix/load 4, 0, 0; Constant delay
    %assign/vec4/a/d v0x5d7c949ecdd0, 0, 4;
    ; show_stmt_assign_vector: Get l-value for compressed += operand
    %load/vec4 v0x5d7c949ec690_0;
    %pushi/vec4 1, 0, 32;
    %add;
    %cast2;
    %store/vec4 v0x5d7c949ec690_0, 0, 32;
    %jmp T_2.2;
T_2.3 ;
    %end;
    .scope S_0x5d7c949ec140;
t_3 %join;
    %jmp T_2.1;
T_2.0 ;
    %load/vec4 v0x5d7c949ecd00_0;
    %ix/load 3, 0, 0;
    %flag_set/imm 4, 0;
    %ix/load 4, 0, 0; Constant delay
    %assign/vec4/a/d v0x5d7c949ecdd0, 0, 4;
    %fork t_6, S_0x5d7c949ec790;
    %jmp t_5;
    .scope S_0x5d7c949ec790;
t_6 ;
    %pushi/vec4 1, 0, 32;
    %store/vec4 v0x5d7c949ec990_0, 0, 32;
T_2.4 ;
    %load/vec4 v0x5d7c949ec990_0;
    %cmpi/s 2, 0, 32;
    %jmp/0xz T_2.5, 5;
    %load/vec4 v0x5d7c949ec990_0;
    %subi 1, 0, 32;
    %ix/vec4/s 4;
    %load/vec4a v0x5d7c949ecdd0, 4;
    %ix/getv/s 3, v0x5d7c949ec990_0;
    %ix/load 4, 0, 0; Constant delay
    %assign/vec4/a/d v0x5d7c949ecdd0, 0, 4;
    ; show_stmt_assign_vector: Get l-value for compressed += operand
    %load/vec4 v0x5d7c949ec990_0;
    %pushi/vec4 1, 0, 32;
    %add;
    %cast2;
    %store/vec4 v0x5d7c949ec990_0, 0, 32;
    %jmp T_2.4;
T_2.5 ;
    %end;
    .scope S_0x5d7c949ec140;
t_5 %join;
T_2.1 ;
    %jmp T_2;
    .thread T_2;
    .scope S_0x5d7c949ed000;
T_3 ;
    %wait E_0x5d7c949e8aa0;
    %load/vec4 v0x5d7c949edb50_0;
    %nor/r;
    %flag_set/vec4 8;
    %jmp/0xz  T_3.0, 8;
    %fork t_8, S_0x5d7c949ed3a0;
    %jmp t_7;
    .scope S_0x5d7c949ed3a0;
t_8 ;
    %pushi/vec4 0, 0, 32;
    %store/vec4 v0x5d7c949ed580_0, 0, 32;
T_3.2 ;
    %load/vec4 v0x5d7c949ed580_0;
    %cmpi/s 2, 0, 32;
    %jmp/0xz T_3.3, 5;
    %pushi/vec4 0, 0, 5;
    %ix/getv/s 3, v0x5d7c949ed580_0;
    %ix/load 4, 0, 0; Constant delay
    %assign/vec4/a/d v0x5d7c949edcb0, 0, 4;
    ; show_stmt_assign_vector: Get l-value for compressed += operand
    %load/vec4 v0x5d7c949ed580_0;
    %pushi/vec4 1, 0, 32;
    %add;
    %cast2;
    %store/vec4 v0x5d7c949ed580_0, 0, 32;
    %jmp T_3.2;
T_3.3 ;
    %end;
    .scope S_0x5d7c949ed000;
t_7 %join;
    %jmp T_3.1;
T_3.0 ;
    %load/vec4 v0x5d7c949edbf0_0;
    %ix/load 3, 0, 0;
    %flag_set/imm 4, 0;
    %ix/load 4, 0, 0; Constant delay
    %assign/vec4/a/d v0x5d7c949edcb0, 0, 4;
    %fork t_10, S_0x5d7c949ed680;
    %jmp t_9;
    .scope S_0x5d7c949ed680;
t_10 ;
    %pushi/vec4 1, 0, 32;
    %store/vec4 v0x5d7c949ed880_0, 0, 32;
T_3.4 ;
    %load/vec4 v0x5d7c949ed880_0;
    %cmpi/s 2, 0, 32;
    %jmp/0xz T_3.5, 5;
    %load/vec4 v0x5d7c949ed880_0;
    %subi 1, 0, 32;
    %ix/vec4/s 4;
    %load/vec4a v0x5d7c949edcb0, 4;
    %ix/getv/s 3, v0x5d7c949ed880_0;
    %ix/load 4, 0, 0; Constant delay
    %assign/vec4/a/d v0x5d7c949edcb0, 0, 4;
    ; show_stmt_assign_vector: Get l-value for compressed += operand
    %load/vec4 v0x5d7c949ed880_0;
    %pushi/vec4 1, 0, 32;
    %add;
    %cast2;
    %store/vec4 v0x5d7c949ed880_0, 0, 32;
    %jmp T_3.4;
T_3.5 ;
    %end;
    .scope S_0x5d7c949ed000;
t_9 %join;
T_3.1 ;
    %jmp T_3;
    .thread T_3;
    .scope S_0x5d7c949eb3f0;
T_4 ;
    %wait E_0x5d7c949d7b40;
    %load/vec4 v0x5d7c949efb10_0;
    %nor/r;
    %flag_set/vec4 8;
    %jmp/0xz  T_4.0, 8;
    %pushi/vec4 0, 0, 5;
    %assign/vec4 v0x5d7c949ef870_0, 0;
    %jmp T_4.1;
T_4.0 ;
    %load/vec4 v0x5d7c949ef7b0_0;
    %flag_set/vec4 9;
    %flag_get/vec4 9;
    %jmp/0 T_4.4, 9;
    %load/vec4 v0x5d7c949ef6f0_0;
    %nor/r;
    %and;
T_4.4;
    %flag_set/vec4 8;
    %jmp/0xz  T_4.2, 8;
    %load/vec4 v0x5d7c949ef870_0;
    %addi 1, 0, 5;
    %assign/vec4 v0x5d7c949ef870_0, 0;
    %load/vec4 v0x5d7c949ef630_0;
    %load/vec4 v0x5d7c949ef870_0;
    %parti/s 4, 0, 2;
    %pad/u 6;
    %ix/vec4 3;
    %ix/load 4, 0, 0; Constant delay
    %assign/vec4/a/d v0x5d7c949eee00, 0, 4;
T_4.2 ;
T_4.1 ;
    %jmp T_4;
    .thread T_4;
    .scope S_0x5d7c949eb3f0;
T_5 ;
    %wait E_0x5d7c949e8aa0;
    %load/vec4 v0x5d7c949ef3e0_0;
    %nor/r;
    %flag_set/vec4 8;
    %jmp/0xz  T_5.0, 8;
    %pushi/vec4 0, 0, 5;
    %assign/vec4 v0x5d7c949ef1c0_0, 0;
    %jmp T_5.1;
T_5.0 ;
    %load/vec4 v0x5d7c949ef100_0;
    %flag_set/vec4 9;
    %flag_get/vec4 9;
    %jmp/0 T_5.4, 9;
    %load/vec4 v0x5d7c949ef040_0;
    %nor/r;
    %and;
T_5.4;
    %flag_set/vec4 8;
    %jmp/0xz  T_5.2, 8;
    %load/vec4 v0x5d7c949ef1c0_0;
    %addi 1, 0, 5;
    %assign/vec4 v0x5d7c949ef1c0_0, 0;
T_5.2 ;
T_5.1 ;
    %jmp T_5;
    .thread T_5;
    .scope S_0x5d7c949fa0d0;
T_6 ;
    %wait E_0x5d7c949d7b40;
    %load/vec4 v0x5d7c949fad20_0;
    %nor/r;
    %flag_set/vec4 8;
    %jmp/0xz  T_6.0, 8;
    %fork t_12, S_0x5d7c949fa4b0;
    %jmp t_11;
    .scope S_0x5d7c949fa4b0;
t_12 ;
    %pushi/vec4 0, 0, 32;
    %store/vec4 v0x5d7c949fa690_0, 0, 32;
T_6.2 ;
    %load/vec4 v0x5d7c949fa690_0;
    %cmpi/s 2, 0, 32;
    %jmp/0xz T_6.3, 5;
    %pushi/vec4 0, 0, 5;
    %ix/getv/s 3, v0x5d7c949fa690_0;
    %ix/load 4, 0, 0; Constant delay
    %assign/vec4/a/d v0x5d7c949fb0d0, 0, 4;
    ; show_stmt_assign_vector: Get l-value for compressed += operand
    %load/vec4 v0x5d7c949fa690_0;
    %pushi/vec4 1, 0, 32;
    %add;
    %cast2;
    %store/vec4 v0x5d7c949fa690_0, 0, 32;
    %jmp T_6.2;
T_6.3 ;
    %end;
    .scope S_0x5d7c949fa0d0;
t_11 %join;
    %jmp T_6.1;
T_6.0 ;
    %load/vec4 v0x5d7c949fb000_0;
    %ix/load 3, 0, 0;
    %flag_set/imm 4, 0;
    %ix/load 4, 0, 0; Constant delay
    %assign/vec4/a/d v0x5d7c949fb0d0, 0, 4;
    %fork t_14, S_0x5d7c949fa790;
    %jmp t_13;
    .scope S_0x5d7c949fa790;
t_14 ;
    %pushi/vec4 1, 0, 32;
    %store/vec4 v0x5d7c949fa990_0, 0, 32;
T_6.4 ;
    %load/vec4 v0x5d7c949fa990_0;
    %cmpi/s 2, 0, 32;
    %jmp/0xz T_6.5, 5;
    %load/vec4 v0x5d7c949fa990_0;
    %subi 1, 0, 32;
    %ix/vec4/s 4;
    %load/vec4a v0x5d7c949fb0d0, 4;
    %ix/getv/s 3, v0x5d7c949fa990_0;
    %ix/load 4, 0, 0; Constant delay
    %assign/vec4/a/d v0x5d7c949fb0d0, 0, 4;
    ; show_stmt_assign_vector: Get l-value for compressed += operand
    %load/vec4 v0x5d7c949fa990_0;
    %pushi/vec4 1, 0, 32;
    %add;
    %cast2;
    %store/vec4 v0x5d7c949fa990_0, 0, 32;
    %jmp T_6.4;
T_6.5 ;
    %end;
    .scope S_0x5d7c949fa0d0;
t_13 %join;
T_6.1 ;
    %jmp T_6;
    .thread T_6;
    .scope S_0x5d7c949fb2c0;
T_7 ;
    %wait E_0x5d7c949e8aa0;
    %load/vec4 v0x5d7c949fbda0_0;
    %nor/r;
    %flag_set/vec4 8;
    %jmp/0xz  T_7.0, 8;
    %fork t_16, S_0x5d7c949fb640;
    %jmp t_15;
    .scope S_0x5d7c949fb640;
t_16 ;
    %pushi/vec4 0, 0, 32;
    %store/vec4 v0x5d7c949fb820_0, 0, 32;
T_7.2 ;
    %load/vec4 v0x5d7c949fb820_0;
    %cmpi/s 2, 0, 32;
    %jmp/0xz T_7.3, 5;
    %pushi/vec4 0, 0, 5;
    %ix/getv/s 3, v0x5d7c949fb820_0;
    %ix/load 4, 0, 0; Constant delay
    %assign/vec4/a/d v0x5d7c949fbf30, 0, 4;
    ; show_stmt_assign_vector: Get l-value for compressed += operand
    %load/vec4 v0x5d7c949fb820_0;
    %pushi/vec4 1, 0, 32;
    %add;
    %cast2;
    %store/vec4 v0x5d7c949fb820_0, 0, 32;
    %jmp T_7.2;
T_7.3 ;
    %end;
    .scope S_0x5d7c949fb2c0;
t_15 %join;
    %jmp T_7.1;
T_7.0 ;
    %load/vec4 v0x5d7c949fbe70_0;
    %ix/load 3, 0, 0;
    %flag_set/imm 4, 0;
    %ix/load 4, 0, 0; Constant delay
    %assign/vec4/a/d v0x5d7c949fbf30, 0, 4;
    %fork t_18, S_0x5d7c949fb920;
    %jmp t_17;
    .scope S_0x5d7c949fb920;
t_18 ;
    %pushi/vec4 1, 0, 32;
    %store/vec4 v0x5d7c949fbb20_0, 0, 32;
T_7.4 ;
    %load/vec4 v0x5d7c949fbb20_0;
    %cmpi/s 2, 0, 32;
    %jmp/0xz T_7.5, 5;
    %load/vec4 v0x5d7c949fbb20_0;
    %subi 1, 0, 32;
    %ix/vec4/s 4;
    %load/vec4a v0x5d7c949fbf30, 4;
    %ix/getv/s 3, v0x5d7c949fbb20_0;
    %ix/load 4, 0, 0; Constant delay
    %assign/vec4/a/d v0x5d7c949fbf30, 0, 4;
    ; show_stmt_assign_vector: Get l-value for compressed += operand
    %load/vec4 v0x5d7c949fbb20_0;
    %pushi/vec4 1, 0, 32;
    %add;
    %cast2;
    %store/vec4 v0x5d7c949fbb20_0, 0, 32;
    %jmp T_7.4;
T_7.5 ;
    %end;
    .scope S_0x5d7c949fb2c0;
t_17 %join;
T_7.1 ;
    %jmp T_7;
    .thread T_7;
    .scope S_0x5d7c949f9250;
T_8 ;
    %wait E_0x5d7c949d7b40;
    %load/vec4 v0x5d7c949fdd90_0;
    %nor/r;
    %flag_set/vec4 8;
    %jmp/0xz  T_8.0, 8;
    %pushi/vec4 0, 0, 5;
    %assign/vec4 v0x5d7c949fdaf0_0, 0;
    %jmp T_8.1;
T_8.0 ;
    %load/vec4 v0x5d7c949fda30_0;
    %flag_set/vec4 9;
    %flag_get/vec4 9;
    %jmp/0 T_8.4, 9;
    %load/vec4 v0x5d7c949fd970_0;
    %nor/r;
    %and;
T_8.4;
    %flag_set/vec4 8;
    %jmp/0xz  T_8.2, 8;
    %load/vec4 v0x5d7c949fdaf0_0;
    %addi 1, 0, 5;
    %assign/vec4 v0x5d7c949fdaf0_0, 0;
    %load/vec4 v0x5d7c949fd8b0_0;
    %load/vec4 v0x5d7c949fdaf0_0;
    %parti/s 4, 0, 2;
    %pad/u 6;
    %ix/vec4 3;
    %ix/load 4, 0, 0; Constant delay
    %assign/vec4/a/d v0x5d7c949fd080, 0, 4;
T_8.2 ;
T_8.1 ;
    %jmp T_8;
    .thread T_8;
    .scope S_0x5d7c949f9250;
T_9 ;
    %wait E_0x5d7c949e8aa0;
    %load/vec4 v0x5d7c949fd660_0;
    %nor/r;
    %flag_set/vec4 8;
    %jmp/0xz  T_9.0, 8;
    %pushi/vec4 0, 0, 5;
    %assign/vec4 v0x5d7c949fd440_0, 0;
    %jmp T_9.1;
T_9.0 ;
    %load/vec4 v0x5d7c949fd380_0;
    %flag_set/vec4 9;
    %flag_get/vec4 9;
    %jmp/0 T_9.4, 9;
    %load/vec4 v0x5d7c949fd2c0_0;
    %nor/r;
    %and;
T_9.4;
    %flag_set/vec4 8;
    %jmp/0xz  T_9.2, 8;
    %load/vec4 v0x5d7c949fd440_0;
    %addi 1, 0, 5;
    %assign/vec4 v0x5d7c949fd440_0, 0;
T_9.2 ;
T_9.1 ;
    %jmp T_9;
    .thread T_9;
    .scope S_0x5d7c949f0ba0;
T_10 ;
    %wait E_0x5d7c949e8aa0;
    %load/vec4 v0x5d7c949f1670_0;
    %nor/r;
    %flag_set/vec4 8;
    %jmp/0xz  T_10.0, 8;
    %fork t_20, S_0x5d7c949f0f10;
    %jmp t_19;
    .scope S_0x5d7c949f0f10;
t_20 ;
    %pushi/vec4 0, 0, 32;
    %store/vec4 v0x5d7c949f10f0_0, 0, 32;
T_10.2 ;
    %load/vec4 v0x5d7c949f10f0_0;
    %cmpi/s 2, 0, 32;
    %jmp/0xz T_10.3, 5;
    %pushi/vec4 0, 0, 5;
    %ix/getv/s 3, v0x5d7c949f10f0_0;
    %ix/load 4, 0, 0; Constant delay
    %assign/vec4/a/d v0x5d7c949f1920, 0, 4;
    ; show_stmt_assign_vector: Get l-value for compressed += operand
    %load/vec4 v0x5d7c949f10f0_0;
    %pushi/vec4 1, 0, 32;
    %add;
    %cast2;
    %store/vec4 v0x5d7c949f10f0_0, 0, 32;
    %jmp T_10.2;
T_10.3 ;
    %end;
    .scope S_0x5d7c949f0ba0;
t_19 %join;
    %jmp T_10.1;
T_10.0 ;
    %load/vec4 v0x5d7c949f1850_0;
    %ix/load 3, 0, 0;
    %flag_set/imm 4, 0;
    %ix/load 4, 0, 0; Constant delay
    %assign/vec4/a/d v0x5d7c949f1920, 0, 4;
    %fork t_22, S_0x5d7c949f11f0;
    %jmp t_21;
    .scope S_0x5d7c949f11f0;
t_22 ;
    %pushi/vec4 1, 0, 32;
    %store/vec4 v0x5d7c949f13f0_0, 0, 32;
T_10.4 ;
    %load/vec4 v0x5d7c949f13f0_0;
    %cmpi/s 2, 0, 32;
    %jmp/0xz T_10.5, 5;
    %load/vec4 v0x5d7c949f13f0_0;
    %subi 1, 0, 32;
    %ix/vec4/s 4;
    %load/vec4a v0x5d7c949f1920, 4;
    %ix/getv/s 3, v0x5d7c949f13f0_0;
    %ix/load 4, 0, 0; Constant delay
    %assign/vec4/a/d v0x5d7c949f1920, 0, 4;
    ; show_stmt_assign_vector: Get l-value for compressed += operand
    %load/vec4 v0x5d7c949f13f0_0;
    %pushi/vec4 1, 0, 32;
    %add;
    %cast2;
    %store/vec4 v0x5d7c949f13f0_0, 0, 32;
    %jmp T_10.4;
T_10.5 ;
    %end;
    .scope S_0x5d7c949f0ba0;
t_21 %join;
T_10.1 ;
    %jmp T_10;
    .thread T_10;
    .scope S_0x5d7c949f1ac0;
T_11 ;
    %wait E_0x5d7c949d7b40;
    %load/vec4 v0x5d7c949f25c0_0;
    %nor/r;
    %flag_set/vec4 8;
    %jmp/0xz  T_11.0, 8;
    %fork t_24, S_0x5d7c949f1e60;
    %jmp t_23;
    .scope S_0x5d7c949f1e60;
t_24 ;
    %pushi/vec4 0, 0, 32;
    %store/vec4 v0x5d7c949f2040_0, 0, 32;
T_11.2 ;
    %load/vec4 v0x5d7c949f2040_0;
    %cmpi/s 2, 0, 32;
    %jmp/0xz T_11.3, 5;
    %pushi/vec4 0, 0, 5;
    %ix/getv/s 3, v0x5d7c949f2040_0;
    %ix/load 4, 0, 0; Constant delay
    %assign/vec4/a/d v0x5d7c949f2750, 0, 4;
    ; show_stmt_assign_vector: Get l-value for compressed += operand
    %load/vec4 v0x5d7c949f2040_0;
    %pushi/vec4 1, 0, 32;
    %add;
    %cast2;
    %store/vec4 v0x5d7c949f2040_0, 0, 32;
    %jmp T_11.2;
T_11.3 ;
    %end;
    .scope S_0x5d7c949f1ac0;
t_23 %join;
    %jmp T_11.1;
T_11.0 ;
    %load/vec4 v0x5d7c949f2690_0;
    %ix/load 3, 0, 0;
    %flag_set/imm 4, 0;
    %ix/load 4, 0, 0; Constant delay
    %assign/vec4/a/d v0x5d7c949f2750, 0, 4;
    %fork t_26, S_0x5d7c949f2140;
    %jmp t_25;
    .scope S_0x5d7c949f2140;
t_26 ;
    %pushi/vec4 1, 0, 32;
    %store/vec4 v0x5d7c949f2340_0, 0, 32;
T_11.4 ;
    %load/vec4 v0x5d7c949f2340_0;
    %cmpi/s 2, 0, 32;
    %jmp/0xz T_11.5, 5;
    %load/vec4 v0x5d7c949f2340_0;
    %subi 1, 0, 32;
    %ix/vec4/s 4;
    %load/vec4a v0x5d7c949f2750, 4;
    %ix/getv/s 3, v0x5d7c949f2340_0;
    %ix/load 4, 0, 0; Constant delay
    %assign/vec4/a/d v0x5d7c949f2750, 0, 4;
    ; show_stmt_assign_vector: Get l-value for compressed += operand
    %load/vec4 v0x5d7c949f2340_0;
    %pushi/vec4 1, 0, 32;
    %add;
    %cast2;
    %store/vec4 v0x5d7c949f2340_0, 0, 32;
    %jmp T_11.4;
T_11.5 ;
    %end;
    .scope S_0x5d7c949f1ac0;
t_25 %join;
T_11.1 ;
    %jmp T_11;
    .thread T_11;
    .scope S_0x5d7c949efd30;
T_12 ;
    %wait E_0x5d7c949e8aa0;
    %load/vec4 v0x5d7c949f45f0_0;
    %nor/r;
    %flag_set/vec4 8;
    %jmp/0xz  T_12.0, 8;
    %pushi/vec4 0, 0, 5;
    %assign/vec4 v0x5d7c949f4350_0, 0;
    %jmp T_12.1;
T_12.0 ;
    %load/vec4 v0x5d7c949f4290_0;
    %flag_set/vec4 9;
    %flag_get/vec4 9;
    %jmp/0 T_12.4, 9;
    %load/vec4 v0x5d7c949f41d0_0;
    %nor/r;
    %and;
T_12.4;
    %flag_set/vec4 8;
    %jmp/0xz  T_12.2, 8;
    %load/vec4 v0x5d7c949f4350_0;
    %addi 1, 0, 5;
    %assign/vec4 v0x5d7c949f4350_0, 0;
    %load/vec4 v0x5d7c949f4110_0;
    %load/vec4 v0x5d7c949f4350_0;
    %parti/s 4, 0, 2;
    %pad/u 6;
    %ix/vec4 3;
    %ix/load 4, 0, 0; Constant delay
    %assign/vec4/a/d v0x5d7c949f38e0, 0, 4;
T_12.2 ;
T_12.1 ;
    %jmp T_12;
    .thread T_12;
    .scope S_0x5d7c949efd30;
T_13 ;
    %wait E_0x5d7c949d7b40;
    %load/vec4 v0x5d7c949f3ec0_0;
    %nor/r;
    %flag_set/vec4 8;
    %jmp/0xz  T_13.0, 8;
    %pushi/vec4 0, 0, 5;
    %assign/vec4 v0x5d7c949f3ca0_0, 0;
    %jmp T_13.1;
T_13.0 ;
    %load/vec4 v0x5d7c949f3be0_0;
    %flag_set/vec4 9;
    %flag_get/vec4 9;
    %jmp/0 T_13.4, 9;
    %load/vec4 v0x5d7c949f3b20_0;
    %nor/r;
    %and;
T_13.4;
    %flag_set/vec4 8;
    %jmp/0xz  T_13.2, 8;
    %load/vec4 v0x5d7c949f3ca0_0;
    %addi 1, 0, 5;
    %assign/vec4 v0x5d7c949f3ca0_0, 0;
T_13.2 ;
T_13.1 ;
    %jmp T_13;
    .thread T_13;
    .scope S_0x5d7c949d77d0;
T_14 ;
    %wait E_0x5d7c949d7b40;
    %load/vec4 v0x5d7c949d8340_0;
    %nor/r;
    %flag_set/vec4 8;
    %jmp/0xz  T_14.0, 8;
    %fork t_28, S_0x5d7c949d7ba0;
    %jmp t_27;
    .scope S_0x5d7c949d7ba0;
t_28 ;
    %pushi/vec4 0, 0, 32;
    %store/vec4 v0x5d7c949d7da0_0, 0, 32;
T_14.2 ;
    %load/vec4 v0x5d7c949d7da0_0;
    %cmpi/s 2, 0, 32;
    %jmp/0xz T_14.3, 5;
    %pushi/vec4 0, 0, 5;
    %ix/getv/s 3, v0x5d7c949d7da0_0;
    %ix/load 4, 0, 0; Constant delay
    %assign/vec4/a/d v0x5d7c949d8500, 0, 4;
    ; show_stmt_assign_vector: Get l-value for compressed += operand
    %load/vec4 v0x5d7c949d7da0_0;
    %pushi/vec4 1, 0, 32;
    %add;
    %cast2;
    %store/vec4 v0x5d7c949d7da0_0, 0, 32;
    %jmp T_14.2;
T_14.3 ;
    %end;
    .scope S_0x5d7c949d77d0;
t_27 %join;
    %jmp T_14.1;
T_14.0 ;
    %load/vec4 v0x5d7c949d8410_0;
    %ix/load 3, 0, 0;
    %flag_set/imm 4, 0;
    %ix/load 4, 0, 0; Constant delay
    %assign/vec4/a/d v0x5d7c949d8500, 0, 4;
    %fork t_30, S_0x5d7c949d7ea0;
    %jmp t_29;
    .scope S_0x5d7c949d7ea0;
t_30 ;
    %pushi/vec4 1, 0, 32;
    %store/vec4 v0x5d7c949d80a0_0, 0, 32;
T_14.4 ;
    %load/vec4 v0x5d7c949d80a0_0;
    %cmpi/s 2, 0, 32;
    %jmp/0xz T_14.5, 5;
    %load/vec4 v0x5d7c949d80a0_0;
    %subi 1, 0, 32;
    %ix/vec4/s 4;
    %load/vec4a v0x5d7c949d8500, 4;
    %ix/getv/s 3, v0x5d7c949d80a0_0;
    %ix/load 4, 0, 0; Constant delay
    %assign/vec4/a/d v0x5d7c949d8500, 0, 4;
    ; show_stmt_assign_vector: Get l-value for compressed += operand
    %load/vec4 v0x5d7c949d80a0_0;
    %pushi/vec4 1, 0, 32;
    %add;
    %cast2;
    %store/vec4 v0x5d7c949d80a0_0, 0, 32;
    %jmp T_14.4;
T_14.5 ;
    %end;
    .scope S_0x5d7c949d77d0;
t_29 %join;
T_14.1 ;
    %jmp T_14;
    .thread T_14;
    .scope S_0x5d7c949e8700;
T_15 ;
    %wait E_0x5d7c949e8aa0;
    %load/vec4 v0x5d7c949e92a0_0;
    %nor/r;
    %flag_set/vec4 8;
    %jmp/0xz  T_15.0, 8;
    %fork t_32, S_0x5d7c949e8b00;
    %jmp t_31;
    .scope S_0x5d7c949e8b00;
t_32 ;
    %pushi/vec4 0, 0, 32;
    %store/vec4 v0x5d7c949e8d00_0, 0, 32;
T_15.2 ;
    %load/vec4 v0x5d7c949e8d00_0;
    %cmpi/s 2, 0, 32;
    %jmp/0xz T_15.3, 5;
    %pushi/vec4 0, 0, 5;
    %ix/getv/s 3, v0x5d7c949e8d00_0;
    %ix/load 4, 0, 0; Constant delay
    %assign/vec4/a/d v0x5d7c949e9440, 0, 4;
    ; show_stmt_assign_vector: Get l-value for compressed += operand
    %load/vec4 v0x5d7c949e8d00_0;
    %pushi/vec4 1, 0, 32;
    %add;
    %cast2;
    %store/vec4 v0x5d7c949e8d00_0, 0, 32;
    %jmp T_15.2;
T_15.3 ;
    %end;
    .scope S_0x5d7c949e8700;
t_31 %join;
    %jmp T_15.1;
T_15.0 ;
    %load/vec4 v0x5d7c949e93a0_0;
    %ix/load 3, 0, 0;
    %flag_set/imm 4, 0;
    %ix/load 4, 0, 0; Constant delay
    %assign/vec4/a/d v0x5d7c949e9440, 0, 4;
    %fork t_34, S_0x5d7c949e8e00;
    %jmp t_33;
    .scope S_0x5d7c949e8e00;
t_34 ;
    %pushi/vec4 1, 0, 32;
    %store/vec4 v0x5d7c949e9000_0, 0, 32;
T_15.4 ;
    %load/vec4 v0x5d7c949e9000_0;
    %cmpi/s 2, 0, 32;
    %jmp/0xz T_15.5, 5;
    %load/vec4 v0x5d7c949e9000_0;
    %subi 1, 0, 32;
    %ix/vec4/s 4;
    %load/vec4a v0x5d7c949e9440, 4;
    %ix/getv/s 3, v0x5d7c949e9000_0;
    %ix/load 4, 0, 0; Constant delay
    %assign/vec4/a/d v0x5d7c949e9440, 0, 4;
    ; show_stmt_assign_vector: Get l-value for compressed += operand
    %load/vec4 v0x5d7c949e9000_0;
    %pushi/vec4 1, 0, 32;
    %add;
    %cast2;
    %store/vec4 v0x5d7c949e9000_0, 0, 32;
    %jmp T_15.4;
T_15.5 ;
    %end;
    .scope S_0x5d7c949e8700;
t_33 %join;
T_15.1 ;
    %jmp T_15;
    .thread T_15;
    .scope S_0x5d7c949d6ac0;
T_16 ;
    %wait E_0x5d7c949d7b40;
    %load/vec4 v0x5d7c949eb1d0_0;
    %nor/r;
    %flag_set/vec4 8;
    %jmp/0xz  T_16.0, 8;
    %pushi/vec4 0, 0, 5;
    %assign/vec4 v0x5d7c949eaf30_0, 0;
    %jmp T_16.1;
T_16.0 ;
    %load/vec4 v0x5d7c949eae70_0;
    %flag_set/vec4 9;
    %flag_get/vec4 9;
    %jmp/0 T_16.4, 9;
    %load/vec4 v0x5d7c949eadb0_0;
    %nor/r;
    %and;
T_16.4;
    %flag_set/vec4 8;
    %jmp/0xz  T_16.2, 8;
    %load/vec4 v0x5d7c949eaf30_0;
    %addi 1, 0, 5;
    %assign/vec4 v0x5d7c949eaf30_0, 0;
    %load/vec4 v0x5d7c949ead10_0;
    %load/vec4 v0x5d7c949eaf30_0;
    %parti/s 4, 0, 2;
    %pad/u 6;
    %ix/vec4 3;
    %ix/load 4, 0, 0; Constant delay
    %assign/vec4/a/d v0x5d7c949ea590, 0, 4;
T_16.2 ;
T_16.1 ;
    %jmp T_16;
    .thread T_16;
    .scope S_0x5d7c949d6ac0;
T_17 ;
    %wait E_0x5d7c949e8aa0;
    %load/vec4 v0x5d7c949eab80_0;
    %nor/r;
    %flag_set/vec4 8;
    %jmp/0xz  T_17.0, 8;
    %pushi/vec4 0, 0, 5;
    %assign/vec4 v0x5d7c949ea930_0, 0;
    %jmp T_17.1;
T_17.0 ;
    %load/vec4 v0x5d7c949ea870_0;
    %flag_set/vec4 9;
    %flag_get/vec4 9;
    %jmp/0 T_17.4, 9;
    %load/vec4 v0x5d7c949ea7b0_0;
    %nor/r;
    %and;
T_17.4;
    %flag_set/vec4 8;
    %jmp/0xz  T_17.2, 8;
    %load/vec4 v0x5d7c949ea930_0;
    %addi 1, 0, 5;
    %assign/vec4 v0x5d7c949ea930_0, 0;
T_17.2 ;
T_17.1 ;
    %jmp T_17;
    .thread T_17;
    .scope S_0x5d7c949f5670;
T_18 ;
    %wait E_0x5d7c949e8aa0;
    %load/vec4 v0x5d7c949f6140_0;
    %nor/r;
    %flag_set/vec4 8;
    %jmp/0xz  T_18.0, 8;
    %fork t_36, S_0x5d7c949f59e0;
    %jmp t_35;
    .scope S_0x5d7c949f59e0;
t_36 ;
    %pushi/vec4 0, 0, 32;
    %store/vec4 v0x5d7c949f5bc0_0, 0, 32;
T_18.2 ;
    %load/vec4 v0x5d7c949f5bc0_0;
    %cmpi/s 2, 0, 32;
    %jmp/0xz T_18.3, 5;
    %pushi/vec4 0, 0, 5;
    %ix/getv/s 3, v0x5d7c949f5bc0_0;
    %ix/load 4, 0, 0; Constant delay
    %assign/vec4/a/d v0x5d7c949f62e0, 0, 4;
    ; show_stmt_assign_vector: Get l-value for compressed += operand
    %load/vec4 v0x5d7c949f5bc0_0;
    %pushi/vec4 1, 0, 32;
    %add;
    %cast2;
    %store/vec4 v0x5d7c949f5bc0_0, 0, 32;
    %jmp T_18.2;
T_18.3 ;
    %end;
    .scope S_0x5d7c949f5670;
t_35 %join;
    %jmp T_18.1;
T_18.0 ;
    %load/vec4 v0x5d7c949f6210_0;
    %ix/load 3, 0, 0;
    %flag_set/imm 4, 0;
    %ix/load 4, 0, 0; Constant delay
    %assign/vec4/a/d v0x5d7c949f62e0, 0, 4;
    %fork t_38, S_0x5d7c949f5cc0;
    %jmp t_37;
    .scope S_0x5d7c949f5cc0;
t_38 ;
    %pushi/vec4 1, 0, 32;
    %store/vec4 v0x5d7c949f5ec0_0, 0, 32;
T_18.4 ;
    %load/vec4 v0x5d7c949f5ec0_0;
    %cmpi/s 2, 0, 32;
    %jmp/0xz T_18.5, 5;
    %load/vec4 v0x5d7c949f5ec0_0;
    %subi 1, 0, 32;
    %ix/vec4/s 4;
    %load/vec4a v0x5d7c949f62e0, 4;
    %ix/getv/s 3, v0x5d7c949f5ec0_0;
    %ix/load 4, 0, 0; Constant delay
    %assign/vec4/a/d v0x5d7c949f62e0, 0, 4;
    ; show_stmt_assign_vector: Get l-value for compressed += operand
    %load/vec4 v0x5d7c949f5ec0_0;
    %pushi/vec4 1, 0, 32;
    %add;
    %cast2;
    %store/vec4 v0x5d7c949f5ec0_0, 0, 32;
    %jmp T_18.4;
T_18.5 ;
    %end;
    .scope S_0x5d7c949f5670;
t_37 %join;
T_18.1 ;
    %jmp T_18;
    .thread T_18;
    .scope S_0x5d7c949f64d0;
T_19 ;
    %wait E_0x5d7c949d7b40;
    %load/vec4 v0x5d7c949f7040_0;
    %nor/r;
    %flag_set/vec4 8;
    %jmp/0xz  T_19.0, 8;
    %fork t_40, S_0x5d7c949f68e0;
    %jmp t_39;
    .scope S_0x5d7c949f68e0;
t_40 ;
    %pushi/vec4 0, 0, 32;
    %store/vec4 v0x5d7c949f6ac0_0, 0, 32;
T_19.2 ;
    %load/vec4 v0x5d7c949f6ac0_0;
    %cmpi/s 2, 0, 32;
    %jmp/0xz T_19.3, 5;
    %pushi/vec4 0, 0, 5;
    %ix/getv/s 3, v0x5d7c949f6ac0_0;
    %ix/load 4, 0, 0; Constant delay
    %assign/vec4/a/d v0x5d7c949f71d0, 0, 4;
    ; show_stmt_assign_vector: Get l-value for compressed += operand
    %load/vec4 v0x5d7c949f6ac0_0;
    %pushi/vec4 1, 0, 32;
    %add;
    %cast2;
    %store/vec4 v0x5d7c949f6ac0_0, 0, 32;
    %jmp T_19.2;
T_19.3 ;
    %end;
    .scope S_0x5d7c949f64d0;
t_39 %join;
    %jmp T_19.1;
T_19.0 ;
    %load/vec4 v0x5d7c949f7110_0;
    %ix/load 3, 0, 0;
    %flag_set/imm 4, 0;
    %ix/load 4, 0, 0; Constant delay
    %assign/vec4/a/d v0x5d7c949f71d0, 0, 4;
    %fork t_42, S_0x5d7c949f6bc0;
    %jmp t_41;
    .scope S_0x5d7c949f6bc0;
t_42 ;
    %pushi/vec4 1, 0, 32;
    %store/vec4 v0x5d7c949f6dc0_0, 0, 32;
T_19.4 ;
    %load/vec4 v0x5d7c949f6dc0_0;
    %cmpi/s 2, 0, 32;
    %jmp/0xz T_19.5, 5;
    %load/vec4 v0x5d7c949f6dc0_0;
    %subi 1, 0, 32;
    %ix/vec4/s 4;
    %load/vec4a v0x5d7c949f71d0, 4;
    %ix/getv/s 3, v0x5d7c949f6dc0_0;
    %ix/load 4, 0, 0; Constant delay
    %assign/vec4/a/d v0x5d7c949f71d0, 0, 4;
    ; show_stmt_assign_vector: Get l-value for compressed += operand
    %load/vec4 v0x5d7c949f6dc0_0;
    %pushi/vec4 1, 0, 32;
    %add;
    %cast2;
    %store/vec4 v0x5d7c949f6dc0_0, 0, 32;
    %jmp T_19.4;
T_19.5 ;
    %end;
    .scope S_0x5d7c949f64d0;
t_41 %join;
T_19.1 ;
    %jmp T_19;
    .thread T_19;
    .scope S_0x5d7c949f4810;
T_20 ;
    %wait E_0x5d7c949e8aa0;
    %load/vec4 v0x5d7c949f9030_0;
    %nor/r;
    %flag_set/vec4 8;
    %jmp/0xz  T_20.0, 8;
    %pushi/vec4 0, 0, 5;
    %assign/vec4 v0x5d7c949f8d90_0, 0;
    %jmp T_20.1;
T_20.0 ;
    %load/vec4 v0x5d7c949f8cd0_0;
    %flag_set/vec4 9;
    %flag_get/vec4 9;
    %jmp/0 T_20.4, 9;
    %load/vec4 v0x5d7c949f8c10_0;
    %nor/r;
    %and;
T_20.4;
    %flag_set/vec4 8;
    %jmp/0xz  T_20.2, 8;
    %load/vec4 v0x5d7c949f8d90_0;
    %addi 1, 0, 5;
    %assign/vec4 v0x5d7c949f8d90_0, 0;
    %load/vec4 v0x5d7c949f8b50_0;
    %load/vec4 v0x5d7c949f8d90_0;
    %parti/s 4, 0, 2;
    %pad/u 6;
    %ix/vec4 3;
    %ix/load 4, 0, 0; Constant delay
    %assign/vec4/a/d v0x5d7c949f8320, 0, 4;
T_20.2 ;
T_20.1 ;
    %jmp T_20;
    .thread T_20;
    .scope S_0x5d7c949f4810;
T_21 ;
    %wait E_0x5d7c949d7b40;
    %load/vec4 v0x5d7c949f8900_0;
    %nor/r;
    %flag_set/vec4 8;
    %jmp/0xz  T_21.0, 8;
    %pushi/vec4 0, 0, 5;
    %assign/vec4 v0x5d7c949f86e0_0, 0;
    %jmp T_21.1;
T_21.0 ;
    %load/vec4 v0x5d7c949f8620_0;
    %flag_set/vec4 9;
    %flag_get/vec4 9;
    %jmp/0 T_21.4, 9;
    %load/vec4 v0x5d7c949f8560_0;
    %nor/r;
    %and;
T_21.4;
    %flag_set/vec4 8;
    %jmp/0xz  T_21.2, 8;
    %load/vec4 v0x5d7c949f86e0_0;
    %addi 1, 0, 5;
    %assign/vec4 v0x5d7c949f86e0_0, 0;
T_21.2 ;
T_21.1 ;
    %jmp T_21;
    .thread T_21;
    .scope S_0x5d7c949ac2f0;
T_22 ;
    %pushi/vec4 0, 0, 1;
    %store/vec4 v0x5d7c94a03350_0, 0, 1;
    %pushi/vec4 0, 0, 1;
    %store/vec4 v0x5d7c94a034f0_0, 0, 1;
    %pushi/vec4 0, 0, 1;
    %store/vec4 v0x5d7c94a04670_0, 0, 1;
    %pushi/vec4 10, 0, 32;
    %store/vec4 v0x5d7c94a03410_0, 0, 32;
    %pushi/vec4 10, 0, 32;
    %store/vec4 v0x5d7c94a035c0_0, 0, 32;
    %pushi/vec4 0, 0, 32;
    %store/vec4 v0x5d7c94a04a50_0, 0, 32;
    %pushi/vec4 0, 0, 3;
    %store/vec4 v0x5d7c94a04b20_0, 0, 3;
    %pushi/vec4 0, 0, 1;
    %store/vec4 v0x5d7c94a04cc0_0, 0, 1;
    %pushi/vec4 0, 0, 32;
    %store/vec4 v0x5d7c94a05330_0, 0, 32;
    %pushi/vec4 0, 0, 4;
    %store/vec4 v0x5d7c94a054d0_0, 0, 4;
    %pushi/vec4 0, 0, 1;
    %store/vec4 v0x5d7c94a055a0_0, 0, 1;
    %pushi/vec4 0, 0, 1;
    %store/vec4 v0x5d7c94a04d90_0, 0, 1;
    %pushi/vec4 0, 0, 32;
    %store/vec4 v0x5d7c94a04710_0, 0, 32;
    %pushi/vec4 0, 0, 3;
    %store/vec4 v0x5d7c94a047e0_0, 0, 3;
    %pushi/vec4 0, 0, 1;
    %store/vec4 v0x5d7c94a04980_0, 0, 1;
    %pushi/vec4 0, 0, 1;
    %store/vec4 v0x5d7c94a050c0_0, 0, 1;
    %pushi/vec4 0, 0, 1;
    %store/vec4 v0x5d7c94a03ba0_0, 0, 1;
    %pushi/vec4 0, 0, 1;
    %store/vec4 v0x5d7c94a04360_0, 0, 1;
    %pushi/vec4 0, 0, 2;
    %store/vec4 v0x5d7c94a03e10_0, 0, 2;
    %pushi/vec4 0, 0, 1;
    %store/vec4 v0x5d7c94a03eb0_0, 0, 1;
    %pushi/vec4 0, 0, 1;
    %store/vec4 v0x5d7c94a03860_0, 0, 1;
    %pushi/vec4 0, 0, 32;
    %store/vec4 v0x5d7c94a03f50_0, 0, 32;
    %pushi/vec4 0, 0, 2;
    %store/vec4 v0x5d7c94a040f0_0, 0, 2;
    %pushi/vec4 0, 0, 1;
    %store/vec4 v0x5d7c94a041c0_0, 0, 1;
    %end;
    .thread T_22, $init;
    .scope S_0x5d7c949ac2f0;
T_23 ;
    %load/vec4 v0x5d7c94a03410_0;
    %cvt/rv/s;
    %pushi/real 1073741824, 4067; load=2.00000
    %div/wr;
    %pushi/real 1073741824, 4066; load=1.00000
    %mul/wr;
    %cvt/vr 64;
    %muli 1, 0, 64;
    %ix/vec4 4;
    %delayx 4;
    %load/vec4 v0x5d7c94a03350_0;
    %inv;
    %store/vec4 v0x5d7c94a03350_0, 0, 1;
    %jmp T_23;
    .thread T_23;
    .scope S_0x5d7c949ac2f0;
T_24 ;
    %load/vec4 v0x5d7c94a035c0_0;
    %cvt/rv/s;
    %pushi/real 1073741824, 4067; load=2.00000
    %div/wr;
    %pushi/real 1073741824, 4066; load=1.00000
    %mul/wr;
    %cvt/vr 64;
    %muli 1, 0, 64;
    %ix/vec4 4;
    %delayx 4;
    %load/vec4 v0x5d7c94a034f0_0;
    %inv;
    %store/vec4 v0x5d7c94a034f0_0, 0, 1;
    %jmp T_24;
    .thread T_24;
    .scope S_0x5d7c949ac2f0;
T_25 ;
    %fork t_44, S_0x5d7c949d53c0;
    %jmp t_43;
    .scope S_0x5d7c949d53c0;
t_44 ;
    %pushi/vec4 0, 0, 32;
    %store/vec4 v0x5d7c949d55c0_0, 0, 32;
T_25.0 ;
    %load/vec4 v0x5d7c949d55c0_0;
    %cmpi/s 256, 0, 32;
    %jmp/0xz T_25.1, 5;
    %pushi/vec4 0, 0, 32;
    %ix/getv/s 4, v0x5d7c949d55c0_0;
    %store/vec4a v0x5d7c94a045d0, 4, 0;
    ; show_stmt_assign_vector: Get l-value for compressed += operand
    %load/vec4 v0x5d7c949d55c0_0;
    %pushi/vec4 1, 0, 32;
    %add;
    %cast2;
    %store/vec4 v0x5d7c949d55c0_0, 0, 32;
    %jmp T_25.0;
T_25.1 ;
    %end;
    .scope S_0x5d7c949ac2f0;
t_43 %join;
T_25.2 ;
    %wait E_0x5d7c948eb9c0;
    %load/vec4 v0x5d7c94a03c70_0;
    %flag_set/vec4 10;
    %flag_get/vec4 10;
    %jmp/0 T_25.6, 10;
    %load/vec4 v0x5d7c94a04500_0;
    %and;
T_25.6;
    %flag_set/vec4 9;
    %flag_get/vec4 9;
    %jmp/0 T_25.5, 9;
    %load/vec4 v0x5d7c94a03eb0_0;
    %nor/r;
    %and;
T_25.5;
    %flag_set/vec4 8;
    %jmp/0xz  T_25.3, 8;
    %pushi/vec4 1, 0, 1;
    %assign/vec4 v0x5d7c94a03ba0_0, 0;
    %pushi/vec4 1, 0, 1;
    %assign/vec4 v0x5d7c94a04360_0, 0;
    %wait E_0x5d7c948eb9c0;
    %load/vec4 v0x5d7c94a04290_0;
    %load/vec4 v0x5d7c94a03a00_0;
    %parti/s 8, 0, 2;
    %pad/u 10;
    %ix/vec4 4;
    %store/vec4a v0x5d7c94a045d0, 4, 0;
    %pushi/vec4 0, 0, 1;
    %assign/vec4 v0x5d7c94a03ba0_0, 0;
    %pushi/vec4 0, 0, 1;
    %assign/vec4 v0x5d7c94a04360_0, 0;
    %pushi/vec4 0, 0, 2;
    %assign/vec4 v0x5d7c94a03e10_0, 0;
    %pushi/vec4 1, 0, 1;
    %assign/vec4 v0x5d7c94a03eb0_0, 0;
T_25.7 ;
    %load/vec4 v0x5d7c94a03d40_0;
    %cmpi/ne 1, 0, 1;
    %jmp/0xz T_25.8, 6;
    %wait E_0x5d7c949c2db0;
    %jmp T_25.7;
T_25.8 ;
    %wait E_0x5d7c948eb9c0;
    %pushi/vec4 0, 0, 1;
    %assign/vec4 v0x5d7c94a03eb0_0, 0;
T_25.3 ;
    %load/vec4 v0x5d7c94a03930_0;
    %flag_set/vec4 9;
    %flag_get/vec4 9;
    %jmp/0 T_25.11, 9;
    %load/vec4 v0x5d7c94a041c0_0;
    %nor/r;
    %and;
T_25.11;
    %flag_set/vec4 8;
    %jmp/0xz  T_25.9, 8;
    %pushi/vec4 1, 0, 1;
    %assign/vec4 v0x5d7c94a03860_0, 0;
    %wait E_0x5d7c948eb9c0;
    %pushi/vec4 0, 0, 1;
    %assign/vec4 v0x5d7c94a03860_0, 0;
    %load/vec4 v0x5d7c94a03680_0;
    %parti/s 8, 0, 2;
    %pad/u 10;
    %ix/vec4 4;
    %load/vec4a v0x5d7c94a045d0, 4;
    %assign/vec4 v0x5d7c94a03f50_0, 0;
    %pushi/vec4 0, 0, 2;
    %assign/vec4 v0x5d7c94a040f0_0, 0;
    %pushi/vec4 1, 0, 1;
    %assign/vec4 v0x5d7c94a041c0_0, 0;
T_25.12 ;
    %load/vec4 v0x5d7c94a04020_0;
    %cmpi/ne 1, 0, 1;
    %jmp/0xz T_25.13, 6;
    %wait E_0x5d7c948eba40;
    %jmp T_25.12;
T_25.13 ;
    %wait E_0x5d7c948eb9c0;
    %pushi/vec4 0, 0, 1;
    %assign/vec4 v0x5d7c94a041c0_0, 0;
T_25.9 ;
    %jmp T_25.2;
    %end;
    .thread T_25;
    .scope S_0x5d7c949d56c0;
T_26 ;
    %pushi/vec4 0, 0, 32;
    %store/vec4 v0x5d7c949d5ba0_0, 0, 32;
    %end;
    .thread T_26, $init;
    .scope S_0x5d7c949ac2f0;
T_27 ;
    %fork t_46, S_0x5d7c949d56c0;
    %jmp t_45;
    .scope S_0x5d7c949d56c0;
t_46 ;
    %vpi_call/w 5 214 "$dumpfile", "dump.vcd" {0 0 0};
    %vpi_call/w 5 215 "$dumpvars", 32'sb00000000000000000000000000000000, S_0x5d7c949ac2f0 {0 0 0};
    %vpi_call/w 5 217 "$display", "--- [TB] Asserting Reset ---" {0 0 0};
    %pushi/vec4 0, 0, 1;
    %store/vec4 v0x5d7c94a04670_0, 0, 1;
    %delay 100, 0;
    %pushi/vec4 1, 0, 1;
    %store/vec4 v0x5d7c94a04670_0, 0, 1;
    %delay 100, 0;
    %vpi_call/w 5 223 "$display", "--- [TB] Test 1: Backpressure (Fast Master, Slow Slave) ---" {0 0 0};
    %pushi/vec4 10, 0, 32;
    %store/vec4 v0x5d7c94a03410_0, 0, 32;
    %pushi/vec4 50, 0, 32;
    %store/vec4 v0x5d7c94a035c0_0, 0, 32;
    %delay 100, 0;
    %fork t_48, S_0x5d7c949d58c0;
    %jmp t_47;
    .scope S_0x5d7c949d58c0;
t_48 ;
    %pushi/vec4 0, 0, 32;
    %store/vec4 v0x5d7c949d5aa0_0, 0, 32;
T_27.0 ;
    %load/vec4 v0x5d7c949d5aa0_0;
    %cmpi/s 6, 0, 32;
    %jmp/0xz T_27.1, 5;
    %alloc S_0x5d7c94a02cd0;
    %pushi/vec4 0, 0, 32;
    %load/vec4 v0x5d7c949d5aa0_0;
    %muli 4, 0, 32;
    %add;
    %store/vec4 v0x5d7c94a030d0_0, 0, 32;
    %vpi_func 5 229 "$urandom" 32 {0 0 0};
    %store/vec4 v0x5d7c94a031b0_0, 0, 32;
    %fork TD_tb_axi_cdc_bridge.master_write, S_0x5d7c94a02cd0;
    %join;
    %load/vec4 v0x5d7c94a03290_0;
    %store/vec4 v0x5d7c949d5d80_0, 0, 2;
    %free S_0x5d7c94a02cd0;
    %vpi_call/w 5 230 "$display", "[T=%0t] Wrote Burst %0d", $time, v0x5d7c949d5aa0_0 {0 0 0};
    ; show_stmt_assign_vector: Get l-value for compressed += operand
    %load/vec4 v0x5d7c949d5aa0_0;
    %pushi/vec4 1, 0, 32;
    %add;
    %cast2;
    %store/vec4 v0x5d7c949d5aa0_0, 0, 32;
    %jmp T_27.0;
T_27.1 ;
    %end;
    .scope S_0x5d7c949d56c0;
t_47 %join;
    %vpi_call/w 5 233 "$display", "--- [TB] Test 2: Simultaneous Read/Write ---" {0 0 0};
    %pushi/vec4 20, 0, 32;
    %store/vec4 v0x5d7c94a03410_0, 0, 32;
    %pushi/vec4 20, 0, 32;
    %store/vec4 v0x5d7c94a035c0_0, 0, 32;
    %delay 100, 0;
    %fork t_50, S_0x5d7c949d56c0;
    %fork t_51, S_0x5d7c949d56c0;
    %join;
    %join;
    %jmp t_49;
t_50 ;
    %alloc S_0x5d7c94a02cd0;
    %pushi/vec4 32, 0, 32;
    %store/vec4 v0x5d7c94a030d0_0, 0, 32;
    %pushi/vec4 3735928559, 0, 32;
    %store/vec4 v0x5d7c94a031b0_0, 0, 32;
    %fork TD_tb_axi_cdc_bridge.master_write, S_0x5d7c94a02cd0;
    %join;
    %load/vec4 v0x5d7c94a03290_0;
    %store/vec4 v0x5d7c949d5d80_0, 0, 2;
    %free S_0x5d7c94a02cd0;
    %vpi_call/w 5 241 "$display", "[T=%0t] Simultaneous Write Complete", $time {0 0 0};
    %end;
t_51 ;
    %alloc S_0x5d7c94a02730;
    %pushi/vec4 0, 0, 32;
    %store/vec4 v0x5d7c94a02a00_0, 0, 32;
    %fork TD_tb_axi_cdc_bridge.master_read, S_0x5d7c94a02730;
    %join;
    %load/vec4 v0x5d7c94a02b00_0;
    %store/vec4 v0x5d7c949d5ca0_0, 0, 32;
    %load/vec4 v0x5d7c94a02be0_0;
    %store/vec4 v0x5d7c949d5d80_0, 0, 2;
    %free S_0x5d7c94a02730;
    %vpi_call/w 5 245 "$display", "[T=%0t] Simultaneous Read Complete. Data: %h", $time, v0x5d7c949d5ca0_0 {0 0 0};
    %end;
    .scope S_0x5d7c949d56c0;
t_49 ;
    %vpi_call/w 5 249 "$display", "--- [TB] Test 3: Clock Ratio Sweep ---" {0 0 0};
    %pushi/vec4 30, 0, 32;
    %store/vec4 v0x5d7c94a03410_0, 0, 32;
    %pushi/vec4 10, 0, 32;
    %store/vec4 v0x5d7c94a035c0_0, 0, 32;
    %delay 100, 0;
    %alloc S_0x5d7c94a02cd0;
    %pushi/vec4 48, 0, 32;
    %store/vec4 v0x5d7c94a030d0_0, 0, 32;
    %pushi/vec4 286335522, 0, 32;
    %store/vec4 v0x5d7c94a031b0_0, 0, 32;
    %fork TD_tb_axi_cdc_bridge.master_write, S_0x5d7c94a02cd0;
    %join;
    %load/vec4 v0x5d7c94a03290_0;
    %store/vec4 v0x5d7c949d5d80_0, 0, 2;
    %free S_0x5d7c94a02cd0;
    %alloc S_0x5d7c94a02730;
    %pushi/vec4 48, 0, 32;
    %store/vec4 v0x5d7c94a02a00_0, 0, 32;
    %fork TD_tb_axi_cdc_bridge.master_read, S_0x5d7c94a02730;
    %join;
    %load/vec4 v0x5d7c94a02b00_0;
    %store/vec4 v0x5d7c949d5ca0_0, 0, 32;
    %load/vec4 v0x5d7c94a02be0_0;
    %store/vec4 v0x5d7c949d5d80_0, 0, 2;
    %free S_0x5d7c94a02730;
    %load/vec4 v0x5d7c949d5ca0_0;
    %cmpi/ne 286335522, 0, 32;
    %jmp/0xz  T_27.2, 6;
    ; show_stmt_assign_vector: Get l-value for compressed += operand
    %load/vec4 v0x5d7c949d5ba0_0;
    %pushi/vec4 1, 0, 32;
    %add;
    %cast2;
    %store/vec4 v0x5d7c949d5ba0_0, 0, 32;
T_27.2 ;
    %pushi/vec4 10, 0, 32;
    %store/vec4 v0x5d7c94a03410_0, 0, 32;
    %pushi/vec4 50, 0, 32;
    %store/vec4 v0x5d7c94a035c0_0, 0, 32;
    %delay 100, 0;
    %alloc S_0x5d7c94a02cd0;
    %pushi/vec4 64, 0, 32;
    %store/vec4 v0x5d7c94a030d0_0, 0, 32;
    %pushi/vec4 858997828, 0, 32;
    %store/vec4 v0x5d7c94a031b0_0, 0, 32;
    %fork TD_tb_axi_cdc_bridge.master_write, S_0x5d7c94a02cd0;
    %join;
    %load/vec4 v0x5d7c94a03290_0;
    %store/vec4 v0x5d7c949d5d80_0, 0, 2;
    %free S_0x5d7c94a02cd0;
    %alloc S_0x5d7c94a02730;
    %pushi/vec4 64, 0, 32;
    %store/vec4 v0x5d7c94a02a00_0, 0, 32;
    %fork TD_tb_axi_cdc_bridge.master_read, S_0x5d7c94a02730;
    %join;
    %load/vec4 v0x5d7c94a02b00_0;
    %store/vec4 v0x5d7c949d5ca0_0, 0, 32;
    %load/vec4 v0x5d7c94a02be0_0;
    %store/vec4 v0x5d7c949d5d80_0, 0, 2;
    %free S_0x5d7c94a02730;
    %load/vec4 v0x5d7c949d5ca0_0;
    %cmpi/ne 858997828, 0, 32;
    %jmp/0xz  T_27.4, 6;
    ; show_stmt_assign_vector: Get l-value for compressed += operand
    %load/vec4 v0x5d7c949d5ba0_0;
    %pushi/vec4 1, 0, 32;
    %add;
    %cast2;
    %store/vec4 v0x5d7c949d5ba0_0, 0, 32;
T_27.4 ;
    %pushi/vec4 20, 0, 32;
    %store/vec4 v0x5d7c94a03410_0, 0, 32;
    %pushi/vec4 30, 0, 32;
    %store/vec4 v0x5d7c94a035c0_0, 0, 32;
    %delay 100, 0;
    %alloc S_0x5d7c94a02cd0;
    %pushi/vec4 80, 0, 32;
    %store/vec4 v0x5d7c94a030d0_0, 0, 32;
    %pushi/vec4 1431660134, 0, 32;
    %store/vec4 v0x5d7c94a031b0_0, 0, 32;
    %fork TD_tb_axi_cdc_bridge.master_write, S_0x5d7c94a02cd0;
    %join;
    %load/vec4 v0x5d7c94a03290_0;
    %store/vec4 v0x5d7c949d5d80_0, 0, 2;
    %free S_0x5d7c94a02cd0;
    %alloc S_0x5d7c94a02730;
    %pushi/vec4 80, 0, 32;
    %store/vec4 v0x5d7c94a02a00_0, 0, 32;
    %fork TD_tb_axi_cdc_bridge.master_read, S_0x5d7c94a02730;
    %join;
    %load/vec4 v0x5d7c94a02b00_0;
    %store/vec4 v0x5d7c949d5ca0_0, 0, 32;
    %load/vec4 v0x5d7c94a02be0_0;
    %store/vec4 v0x5d7c949d5d80_0, 0, 2;
    %free S_0x5d7c94a02730;
    %load/vec4 v0x5d7c949d5ca0_0;
    %cmpi/ne 1431660134, 0, 32;
    %jmp/0xz  T_27.6, 6;
    ; show_stmt_assign_vector: Get l-value for compressed += operand
    %load/vec4 v0x5d7c949d5ba0_0;
    %pushi/vec4 1, 0, 32;
    %add;
    %cast2;
    %store/vec4 v0x5d7c949d5ba0_0, 0, 32;
T_27.6 ;
    %delay 200, 0;
    %load/vec4 v0x5d7c949d5ba0_0;
    %cmpi/e 0, 0, 32;
    %jmp/0xz  T_27.8, 4;
    %vpi_call/w 5 274 "$display", "--- [TB] STATUS: PASSED ---" {0 0 0};
    %jmp T_27.9;
T_27.8 ;
    %vpi_call/w 5 276 "$display", "--- [TB] STATUS: FAILED (%0d Errors) ---", v0x5d7c949d5ba0_0 {0 0 0};
T_27.9 ;
    %vpi_call/w 5 278 "$finish" {0 0 0};
    %end;
    .scope S_0x5d7c949ac2f0;
t_45 %join;
    %end;
    .thread T_27;
# The file index is used to find the file name in the following table.
:file_names 9;
    "N/A";
    "<interactive>";
    "-";
    "rtl/axi_level_shifter.sv";
    "rtl/gray_encoder.sv";
    "tb/tb_axi_cdc_bridge.sv";
    "rtl/axi_cdc_bridge.sv";
    "rtl/async_fifo.sv";
    "rtl/cdc_sync.sv";
